[ 2016-08-25T09:34:54+08:00 ] ::1 /monkeyguard/Public/css/owl.carousel.css
INFO: [ app_init ] --START--
INFO: Run Behavior\BuildLiteBehavior [ RunTime:0.000049s ]
INFO: [ app_init ] --END-- [ RunTime:0.001245s ]
ERR: 无法加载模块:Public

[ 2016-08-25T09:34:54+08:00 ] ::1 /monkeyguard/Public/js/owl.carousel.js
INFO: [ app_init ] --START--
INFO: Run Behavior\BuildLiteBehavior [ RunTime:0.000432s ]
INFO: [ app_init ] --END-- [ RunTime:0.002339s ]
ERR: 无法加载模块:Public

[ 2016-08-25T09:34:54+08:00 ] ::1 /monkeyguard/Public/css/chocolat.css
INFO: [ app_init ] --START--
INFO: Run Behavior\BuildLiteBehavior [ RunTime:0.000037s ]
INFO: [ app_init ] --END-- [ RunTime:0.001154s ]
ERR: 无法加载模块:Public

[ 2016-08-25T09:34:54+08:00 ] ::1 /monkeyguard/Public/js/owl.carousel.js
INFO: [ app_init ] --START--
INFO: Run Behavior\BuildLiteBehavior [ RunTime:0.000050s ]
INFO: [ app_init ] --END-- [ RunTime:0.001292s ]
ERR: 无法加载模块:Public

[ 2016-08-25T09:35:16+08:00 ] ::1 /monkeyguard/temp.html
INFO: [ app_init ] --START--
INFO: Run Behavior\BuildLiteBehavior [ RunTime:0.000035s ]
INFO: [ app_init ] --END-- [ RunTime:0.000955s ]
ERR: 无法加载模块:Temp

[ 2016-08-25T09:35:20+08:00 ] ::1 /monkeyguard/temp.html
INFO: [ app_init ] --START--
INFO: Run Behavior\BuildLiteBehavior [ RunTime:0.000034s ]
INFO: [ app_init ] --END-- [ RunTime:0.000888s ]
ERR: 无法加载模块:Temp

[ 2016-08-25T09:35:21+08:00 ] ::1 /monkeyguard/temp.html
INFO: [ app_init ] --START--
INFO: Run Behavior\BuildLiteBehavior [ RunTime:0.000034s ]
INFO: [ app_init ] --END-- [ RunTime:0.000874s ]
ERR: 无法加载模块:Temp

[ 2016-08-25T09:35:21+08:00 ] ::1 /monkeyguard/temp.html
INFO: [ app_init ] --START--
INFO: Run Behavior\BuildLiteBehavior [ RunTime:0.000278s ]
INFO: [ app_init ] --END-- [ RunTime:0.001774s ]
ERR: 无法加载模块:Temp

[ 2016-08-25T09:35:22+08:00 ] ::1 /monkeyguard/temp.html
INFO: [ app_init ] --START--
INFO: Run Behavior\BuildLiteBehavior [ RunTime:0.000035s ]
INFO: [ app_init ] --END-- [ RunTime:0.000888s ]
ERR: 无法加载模块:Temp

[ 2016-08-25T09:35:25+08:00 ] ::1 /monkeyguard/temp.html
INFO: [ app_init ] --START--
INFO: Run Behavior\BuildLiteBehavior [ RunTime:0.000034s ]
INFO: [ app_init ] --END-- [ RunTime:0.000858s ]
ERR: 无法加载模块:Temp

[ 2016-08-25T09:35:32+08:00 ] ::1 /monkeyguard/gallery.html
INFO: [ app_init ] --START--
INFO: Run Behavior\BuildLiteBehavior [ RunTime:0.000036s ]
INFO: [ app_init ] --END-- [ RunTime:0.000873s ]
ERR: 无法加载模块:Gallery

[ 2016-08-25T09:35:37+08:00 ] ::1 /monkeyguard/temp.html
INFO: [ app_init ] --START--
INFO: Run Behavior\BuildLiteBehavior [ RunTime:0.000035s ]
INFO: [ app_init ] --END-- [ RunTime:0.000880s ]
ERR: 无法加载模块:Temp

[ 2016-08-25T09:35:45+08:00 ] ::1 /monkeyguard/temp.html
INFO: [ app_init ] --START--
INFO: Run Behavior\BuildLiteBehavior [ RunTime:0.000036s ]
INFO: [ app_init ] --END-- [ RunTime:0.000901s ]
ERR: 无法加载模块:Temp

[ 2016-08-25T09:35:48+08:00 ] ::1 /monkeyguard/temp.html
INFO: [ app_init ] --START--
INFO: Run Behavior\BuildLiteBehavior [ RunTime:0.000035s ]
INFO: [ app_init ] --END-- [ RunTime:0.000875s ]
ERR: 无法加载模块:Temp

[ 2016-08-25T09:35:48+08:00 ] ::1 /monkeyguard/temp.html
INFO: [ app_init ] --START--
INFO: Run Behavior\BuildLiteBehavior [ RunTime:0.000034s ]
INFO: [ app_init ] --END-- [ RunTime:0.000876s ]
ERR: 无法加载模块:Temp

[ 2016-08-25T09:35:48+08:00 ] ::1 /monkeyguard/temp.html
INFO: [ app_init ] --START--
INFO: Run Behavior\BuildLiteBehavior [ RunTime:0.000035s ]
INFO: [ app_init ] --END-- [ RunTime:0.000960s ]
ERR: 无法加载模块:Temp

[ 2016-08-25T09:39:11+08:00 ] ::1 /monkeyguard/Public/css/owl.carousel.css
INFO: [ app_init ] --START--
INFO: Run Behavior\BuildLiteBehavior [ RunTime:0.000053s ]
INFO: [ app_init ] --END-- [ RunTime:0.001264s ]
ERR: 无法加载模块:Public

[ 2016-08-25T09:39:11+08:00 ] ::1 /monkeyguard/Public/js/owl.carousel.js
INFO: [ app_init ] --START--
INFO: Run Behavior\BuildLiteBehavior [ RunTime:0.000053s ]
INFO: [ app_init ] --END-- [ RunTime:0.001593s ]
ERR: 无法加载模块:Public

[ 2016-08-25T09:39:11+08:00 ] ::1 /monkeyguard/Public/css/chocolat.css
INFO: [ app_init ] --START--
INFO: Run Behavior\BuildLiteBehavior [ RunTime:0.000050s ]
INFO: [ app_init ] --END-- [ RunTime:0.001433s ]
ERR: 无法加载模块:Public

[ 2016-08-25T09:39:12+08:00 ] ::1 /monkeyguard/Public/js/owl.carousel.js
INFO: [ app_init ] --START--
INFO: Run Behavior\BuildLiteBehavior [ RunTime:0.000051s ]
INFO: [ app_init ] --END-- [ RunTime:0.001310s ]
ERR: 无法加载模块:Public

