[ 2016-09-16T15:33:33+08:00 ] ::1 /monkeyguard/
INFO: [ app_init ] --START--
INFO: Run Behavior\BuildLiteBehavior [ RunTime:0.000014s ]
INFO: [ app_init ] --END-- [ RunTime:0.001415s ]
INFO: [ app_begin ] --START--
INFO: Run Behavior\ReadHtmlCacheBehavior [ RunTime:0.000784s ]
INFO: [ app_begin ] --END-- [ RunTime:0.000854s ]
SQL: SHOW COLUMNS FROM `home` [ RunTime:0.0256s ]
SQL: SELECT MAX(id) AS tp_max FROM `home` WHERE `time` LIKE '2016-09-16%' AND `sensor` = 'temp' LIMIT 1   [ RunTime:0.0251s ]
SQL: SELECT `num` FROM `home` WHERE `time` LIKE '2016-09-16%' AND `sensor` = 'temp' AND `id` = null  [ RunTime:0.0255s ]
NOTIC: [8] Undefined offset: 0 D:\xampp\htdocs\MonkeyGuard\Application\Home\Controller\IndexController.class.php 第 13 行.
SQL: SELECT MAX(id) AS tp_max FROM `home` WHERE `time` LIKE '2016-09-16%' AND `sensor` = 'humid' LIMIT 1   [ RunTime:0.0253s ]
SQL: SELECT `num` FROM `home` WHERE `time` LIKE '2016-09-16%' AND `sensor` = 'humid' AND `id` = null  [ RunTime:0.0251s ]
NOTIC: [8] Undefined offset: 0 D:\xampp\htdocs\MonkeyGuard\Application\Home\Controller\IndexController.class.php 第 19 行.
NOTIC: [8] Undefined variable: where D:\xampp\htdocs\MonkeyGuard\Application\Home\Controller\IndexController.class.php 第 23 行.
SQL: SELECT MAX(id) AS tp_max FROM `home` LIMIT 1   [ RunTime:0.0248s ]
SQL: SELECT `num` FROM `home` WHERE `time` LIKE '2016-09-16%' AND `sensor` = 'fire' AND `id` = 126  [ RunTime:0.0251s ]
NOTIC: [8] Undefined offset: 0 D:\xampp\htdocs\MonkeyGuard\Application\Home\Controller\IndexController.class.php 第 25 行.
SQL: SELECT MAX(id) AS tp_max FROM `home` WHERE `time` LIKE '2016-09-16%' AND `sensor` = 'fog' LIMIT 1   [ RunTime:0.0253s ]
SQL: SELECT `num` FROM `home` WHERE `time` LIKE '2016-09-16%' AND `sensor` = 'fog' AND `id` = null  [ RunTime:0.0290s ]
NOTIC: [8] Undefined offset: 0 D:\xampp\htdocs\MonkeyGuard\Application\Home\Controller\IndexController.class.php 第 31 行.
INFO: [ view_parse ] --START--
INFO: [ template_filter ] --START--
INFO: Run Behavior\ContentReplaceBehavior [ RunTime:0.001129s ]
INFO: [ template_filter ] --END-- [ RunTime:0.001241s ]
INFO: Run Behavior\ParseTemplateBehavior [ RunTime:0.027335s ]
INFO: [ view_parse ] --END-- [ RunTime:0.027472s ]
INFO: [ view_filter ] --START--
INFO: Run Behavior\WriteHtmlCacheBehavior [ RunTime:0.001125s ]
INFO: [ view_filter ] --END-- [ RunTime:0.001194s ]
INFO: [ app_end ] --START--
INFO: Run Behavior\ShowPageTraceBehavior [ RunTime:0.001634s ]
INFO: [ app_end ] --END-- [ RunTime:0.001741s ]

[ 2016-09-16T15:33:45+08:00 ] ::1 /monkeyguard/index.php/Home/Index/index.html
INFO: [ app_init ] --START--
INFO: Run Behavior\BuildLiteBehavior [ RunTime:0.000010s ]
INFO: [ app_init ] --END-- [ RunTime:0.000254s ]
INFO: [ app_begin ] --START--
INFO: Run Behavior\ReadHtmlCacheBehavior [ RunTime:0.000309s ]
INFO: [ app_begin ] --END-- [ RunTime:0.000345s ]
SQL: SHOW COLUMNS FROM `home` [ RunTime:0.0268s ]
SQL: SELECT MAX(id) AS tp_max FROM `home` WHERE `time` LIKE '2016-09-16%' AND `sensor` = 'temp' LIMIT 1   [ RunTime:0.0244s ]
SQL: SELECT `num` FROM `home` WHERE `time` LIKE '2016-09-16%' AND `sensor` = 'temp' AND `id` = null  [ RunTime:0.0249s ]
NOTIC: [8] Undefined offset: 0 D:\xampp\htdocs\MonkeyGuard\Application\Home\Controller\IndexController.class.php 第 13 行.
SQL: SELECT MAX(id) AS tp_max FROM `home` WHERE `time` LIKE '2016-09-16%' AND `sensor` = 'humid' LIMIT 1   [ RunTime:0.0256s ]
SQL: SELECT `num` FROM `home` WHERE `time` LIKE '2016-09-16%' AND `sensor` = 'humid' AND `id` = null  [ RunTime:0.0247s ]
NOTIC: [8] Undefined offset: 0 D:\xampp\htdocs\MonkeyGuard\Application\Home\Controller\IndexController.class.php 第 19 行.
NOTIC: [8] Undefined variable: where D:\xampp\htdocs\MonkeyGuard\Application\Home\Controller\IndexController.class.php 第 23 行.
SQL: SELECT MAX(id) AS tp_max FROM `home` LIMIT 1   [ RunTime:0.0249s ]
SQL: SELECT `num` FROM `home` WHERE `time` LIKE '2016-09-16%' AND `sensor` = 'fire' AND `id` = 126  [ RunTime:0.0258s ]
NOTIC: [8] Undefined offset: 0 D:\xampp\htdocs\MonkeyGuard\Application\Home\Controller\IndexController.class.php 第 25 行.
SQL: SELECT MAX(id) AS tp_max FROM `home` WHERE `time` LIKE '2016-09-16%' AND `sensor` = 'fog' LIMIT 1   [ RunTime:0.0249s ]
SQL: SELECT `num` FROM `home` WHERE `time` LIKE '2016-09-16%' AND `sensor` = 'fog' AND `id` = null  [ RunTime:0.0249s ]
NOTIC: [8] Undefined offset: 0 D:\xampp\htdocs\MonkeyGuard\Application\Home\Controller\IndexController.class.php 第 31 行.
INFO: [ view_parse ] --START--
INFO: [ template_filter ] --START--
INFO: Run Behavior\ContentReplaceBehavior [ RunTime:0.000265s ]
INFO: [ template_filter ] --END-- [ RunTime:0.000409s ]
INFO: Run Behavior\ParseTemplateBehavior [ RunTime:0.021635s ]
INFO: [ view_parse ] --END-- [ RunTime:0.021756s ]
INFO: [ view_filter ] --START--
INFO: Run Behavior\WriteHtmlCacheBehavior [ RunTime:0.000410s ]
INFO: [ view_filter ] --END-- [ RunTime:0.000475s ]
INFO: [ app_end ] --START--
INFO: Run Behavior\ShowPageTraceBehavior [ RunTime:0.001738s ]
INFO: [ app_end ] --END-- [ RunTime:0.001867s ]

[ 2016-09-16T15:33:48+08:00 ] ::1 /monkeyguard/index.php/Home/Index/temp.html?id=2
INFO: [ app_init ] --START--
INFO: Run Behavior\BuildLiteBehavior [ RunTime:0.000013s ]
INFO: [ app_init ] --END-- [ RunTime:0.000316s ]
INFO: [ app_begin ] --START--
INFO: Run Behavior\ReadHtmlCacheBehavior [ RunTime:0.000390s ]
INFO: [ app_begin ] --END-- [ RunTime:0.000433s ]
SQL: SHOW COLUMNS FROM `home` [ RunTime:0.0276s ]
SQL: SELECT * FROM `home` WHERE `sensor` = 'temp' AND ( `time` LIKE '2016-09-16 %:00:00' OR `time` LIKE '2016-09-16 %:00:01' OR `time` LIKE '2016-09-16 %:00:02' OR `time` LIKE '2016-09-16 %:00:03' OR `time` LIKE '2016-09-16 %:00:04' ) GROUP BY time ORDER BY time ASC  [ RunTime:0.0258s ]
NOTIC: [8] Undefined variable: data0 D:\xampp\htdocs\MonkeyGuard\Application\Home\Controller\IndexController.class.php 第 173 行.
NOTIC: [8] Undefined variable: data D:\xampp\htdocs\MonkeyGuard\Application\Home\Controller\IndexController.class.php 第 175 行.
INFO: [ view_parse ] --START--
INFO: [ template_filter ] --START--
INFO: Run Behavior\ContentReplaceBehavior [ RunTime:0.000140s ]
INFO: [ template_filter ] --END-- [ RunTime:0.000252s ]
INFO: Run Behavior\ParseTemplateBehavior [ RunTime:0.014252s ]
INFO: [ view_parse ] --END-- [ RunTime:0.014397s ]
INFO: [ view_filter ] --START--
INFO: Run Behavior\WriteHtmlCacheBehavior [ RunTime:0.000525s ]
INFO: [ view_filter ] --END-- [ RunTime:0.000611s ]
INFO: [ app_end ] --START--
INFO: Run Behavior\ShowPageTraceBehavior [ RunTime:0.001180s ]
INFO: [ app_end ] --END-- [ RunTime:0.001305s ]

[ 2016-09-16T15:33:50+08:00 ] ::1 /monkeyguard/index.php/Home/Index/fog.html
INFO: [ app_init ] --START--
INFO: Run Behavior\BuildLiteBehavior [ RunTime:0.000021s ]
INFO: [ app_init ] --END-- [ RunTime:0.000525s ]
INFO: [ app_begin ] --START--
INFO: Run Behavior\ReadHtmlCacheBehavior [ RunTime:0.000904s ]
INFO: [ app_begin ] --END-- [ RunTime:0.000994s ]
SQL: SHOW COLUMNS FROM `home` [ RunTime:0.0428s ]
SQL: SELECT `time` FROM `home` WHERE ( `time` > '2016-09-16 15:28:50' AND `time` <= '2016-09-16 15:33:50'  ) AND `sensor` = 'fire' GROUP BY time ORDER BY time ASC  [ RunTime:0.0265s ]
NOTIC: [8] Undefined variable: data0 D:\xampp\htdocs\MonkeyGuard\Application\Home\Controller\IndexController.class.php 第 202 行.
SQL: SELECT `num` FROM `home` WHERE ( `time` > '2016-09-16 15:28:50' AND `time` <= '2016-09-16 15:33:50'  ) AND `sensor` = 'fire' GROUP BY time ORDER BY time ASC  [ RunTime:0.0438s ]
NOTIC: [8] Undefined variable: data D:\xampp\htdocs\MonkeyGuard\Application\Home\Controller\IndexController.class.php 第 212 行.
NOTIC: [8] Undefined variable: data1 D:\xampp\htdocs\MonkeyGuard\Application\Home\Controller\IndexController.class.php 第 213 行.
INFO: [ view_parse ] --START--
INFO: [ template_filter ] --START--
INFO: Run Behavior\ContentReplaceBehavior [ RunTime:0.000046s ]
INFO: [ template_filter ] --END-- [ RunTime:0.000080s ]
INFO: Run Behavior\ParseTemplateBehavior [ RunTime:0.005370s ]
INFO: [ view_parse ] --END-- [ RunTime:0.005421s ]
INFO: [ view_filter ] --START--
INFO: Run Behavior\WriteHtmlCacheBehavior [ RunTime:0.000234s ]
INFO: [ view_filter ] --END-- [ RunTime:0.000260s ]
INFO: [ app_end ] --START--
INFO: Run Behavior\ShowPageTraceBehavior [ RunTime:0.000355s ]
INFO: [ app_end ] --END-- [ RunTime:0.000400s ]

[ 2016-09-16T15:33:53+08:00 ] ::1 /monkeyguard/index.php/Home/Index/gas.html
INFO: [ app_init ] --START--
INFO: Run Behavior\BuildLiteBehavior [ RunTime:0.000013s ]
INFO: [ app_init ] --END-- [ RunTime:0.000290s ]
INFO: [ app_begin ] --START--
INFO: Run Behavior\ReadHtmlCacheBehavior [ RunTime:0.000459s ]
INFO: [ app_begin ] --END-- [ RunTime:0.000514s ]
SQL: SHOW COLUMNS FROM `home` [ RunTime:0.0283s ]
SQL: SELECT `time` FROM `home` WHERE ( `time` > '2016-09-16 15:28:52' AND `time` <= '2016-09-16 15:33:52'  ) AND `sensor` = 'fog' GROUP BY time ORDER BY time ASC  [ RunTime:0.0318s ]
NOTIC: [8] Undefined variable: data0 D:\xampp\htdocs\MonkeyGuard\Application\Home\Controller\IndexController.class.php 第 237 行.
SQL: SELECT `num` FROM `home` WHERE ( `time` > '2016-09-16 15:28:52' AND `time` <= '2016-09-16 15:33:52'  ) AND `sensor` = 'fog' GROUP BY time ORDER BY time ASC  [ RunTime:0.0260s ]
NOTIC: [8] Undefined variable: data D:\xampp\htdocs\MonkeyGuard\Application\Home\Controller\IndexController.class.php 第 247 行.
NOTIC: [8] Undefined variable: data1 D:\xampp\htdocs\MonkeyGuard\Application\Home\Controller\IndexController.class.php 第 250 行.
INFO: [ view_parse ] --START--
INFO: [ template_filter ] --START--
INFO: Run Behavior\ContentReplaceBehavior [ RunTime:0.000047s ]
INFO: [ template_filter ] --END-- [ RunTime:0.000081s ]
INFO: Run Behavior\ParseTemplateBehavior [ RunTime:0.004833s ]
INFO: [ view_parse ] --END-- [ RunTime:0.004884s ]
INFO: [ view_filter ] --START--
INFO: Run Behavior\WriteHtmlCacheBehavior [ RunTime:0.000161s ]
INFO: [ view_filter ] --END-- [ RunTime:0.000186s ]
INFO: [ app_end ] --START--
INFO: Run Behavior\ShowPageTraceBehavior [ RunTime:0.000300s ]
INFO: [ app_end ] --END-- [ RunTime:0.000329s ]

[ 2016-09-16T15:33:54+08:00 ] ::1 /monkeyguard/index.php/Home/Index/video.html
INFO: [ app_init ] --START--
INFO: Run Behavior\BuildLiteBehavior [ RunTime:0.000009s ]
INFO: [ app_init ] --END-- [ RunTime:0.000268s ]
INFO: [ app_begin ] --START--
INFO: Run Behavior\ReadHtmlCacheBehavior [ RunTime:0.000294s ]
INFO: [ app_begin ] --END-- [ RunTime:0.000330s ]
INFO: [ view_parse ] --START--
INFO: [ template_filter ] --START--
INFO: Run Behavior\ContentReplaceBehavior [ RunTime:0.000046s ]
INFO: [ template_filter ] --END-- [ RunTime:0.000093s ]
INFO: Run Behavior\ParseTemplateBehavior [ RunTime:0.006921s ]
INFO: [ view_parse ] --END-- [ RunTime:0.006979s ]
INFO: [ view_filter ] --START--
INFO: Run Behavior\WriteHtmlCacheBehavior [ RunTime:0.000195s ]
INFO: [ view_filter ] --END-- [ RunTime:0.000220s ]
INFO: [ app_end ] --START--
INFO: Run Behavior\ShowPageTraceBehavior [ RunTime:0.000333s ]
INFO: [ app_end ] --END-- [ RunTime:0.000361s ]

[ 2016-09-16T15:33:57+08:00 ] ::1 /monkeyguard/index.php/Home/Index/contact.html
INFO: [ app_init ] --START--
INFO: Run Behavior\BuildLiteBehavior [ RunTime:0.000009s ]
INFO: [ app_init ] --END-- [ RunTime:0.000287s ]
INFO: [ app_begin ] --START--
INFO: Run Behavior\ReadHtmlCacheBehavior [ RunTime:0.000299s ]
INFO: [ app_begin ] --END-- [ RunTime:0.000335s ]
NOTIC: [8] Undefined index: name D:\xampp\htdocs\MonkeyGuard\Application\Home\Controller\IndexController.class.php 第 256 行.
INFO: [ view_parse ] --START--
INFO: [ template_filter ] --START--
INFO: Run Behavior\ContentReplaceBehavior [ RunTime:0.000045s ]
INFO: [ template_filter ] --END-- [ RunTime:0.000094s ]
NOTIC: [8] Use of undefined constant temp - assumed 'temp' D:\xampp\htdocs\MonkeyGuard\Application\Runtime\Cache\Home\a873315f4d7930e02d8853d9439fbb36.php 第 59 行.
INFO: Run Behavior\ParseTemplateBehavior [ RunTime:0.006283s ]
INFO: [ view_parse ] --END-- [ RunTime:0.006360s ]
INFO: [ view_filter ] --START--
INFO: Run Behavior\WriteHtmlCacheBehavior [ RunTime:0.000205s ]
INFO: [ view_filter ] --END-- [ RunTime:0.000232s ]
INFO: [ app_end ] --START--
INFO: Run Behavior\ShowPageTraceBehavior [ RunTime:0.000376s ]
INFO: [ app_end ] --END-- [ RunTime:0.000406s ]

[ 2016-09-16T15:34:08+08:00 ] ::1 /monkeyguard/index.php/Home/Index/index.html
INFO: [ app_init ] --START--
INFO: Run Behavior\BuildLiteBehavior [ RunTime:0.000011s ]
INFO: [ app_init ] --END-- [ RunTime:0.000285s ]
INFO: [ app_begin ] --START--
INFO: Run Behavior\ReadHtmlCacheBehavior [ RunTime:0.000328s ]
INFO: [ app_begin ] --END-- [ RunTime:0.000364s ]
SQL: SHOW COLUMNS FROM `home` [ RunTime:0.0283s ]
SQL: SELECT MAX(id) AS tp_max FROM `home` WHERE `time` LIKE '2016-09-16%' AND `sensor` = 'temp' LIMIT 1   [ RunTime:0.0279s ]
SQL: SELECT `num` FROM `home` WHERE `time` LIKE '2016-09-16%' AND `sensor` = 'temp' AND `id` = null  [ RunTime:0.0275s ]
NOTIC: [8] Undefined offset: 0 D:\xampp\htdocs\MonkeyGuard\Application\Home\Controller\IndexController.class.php 第 13 行.
SQL: SELECT MAX(id) AS tp_max FROM `home` WHERE `time` LIKE '2016-09-16%' AND `sensor` = 'humid' LIMIT 1   [ RunTime:0.0280s ]
SQL: SELECT `num` FROM `home` WHERE `time` LIKE '2016-09-16%' AND `sensor` = 'humid' AND `id` = null  [ RunTime:0.0313s ]
NOTIC: [8] Undefined offset: 0 D:\xampp\htdocs\MonkeyGuard\Application\Home\Controller\IndexController.class.php 第 19 行.
NOTIC: [8] Undefined variable: where D:\xampp\htdocs\MonkeyGuard\Application\Home\Controller\IndexController.class.php 第 23 行.
SQL: SELECT MAX(id) AS tp_max FROM `home` LIMIT 1   [ RunTime:0.0277s ]
SQL: SELECT `num` FROM `home` WHERE `time` LIKE '2016-09-16%' AND `sensor` = 'fire' AND `id` = 126  [ RunTime:0.0308s ]
NOTIC: [8] Undefined offset: 0 D:\xampp\htdocs\MonkeyGuard\Application\Home\Controller\IndexController.class.php 第 25 行.
SQL: SELECT MAX(id) AS tp_max FROM `home` WHERE `time` LIKE '2016-09-16%' AND `sensor` = 'fog' LIMIT 1   [ RunTime:0.0278s ]
SQL: SELECT `num` FROM `home` WHERE `time` LIKE '2016-09-16%' AND `sensor` = 'fog' AND `id` = null  [ RunTime:0.0279s ]
NOTIC: [8] Undefined offset: 0 D:\xampp\htdocs\MonkeyGuard\Application\Home\Controller\IndexController.class.php 第 31 行.
INFO: [ view_parse ] --START--
INFO: [ template_filter ] --START--
INFO: Run Behavior\ContentReplaceBehavior [ RunTime:0.000278s ]
INFO: [ template_filter ] --END-- [ RunTime:0.000429s ]
INFO: Run Behavior\ParseTemplateBehavior [ RunTime:0.027126s ]
INFO: [ view_parse ] --END-- [ RunTime:0.027297s ]
INFO: [ view_filter ] --START--
INFO: Run Behavior\WriteHtmlCacheBehavior [ RunTime:0.000732s ]
INFO: [ view_filter ] --END-- [ RunTime:0.000834s ]
INFO: [ app_end ] --START--
INFO: Run Behavior\ShowPageTraceBehavior [ RunTime:0.001673s ]
INFO: [ app_end ] --END-- [ RunTime:0.001847s ]

[ 2016-09-16T15:35:00+08:00 ] ::1 /monkeyguard/index.php/Home/Index/index.html
INFO: [ app_init ] --START--
INFO: Run Behavior\BuildLiteBehavior [ RunTime:0.000017s ]
INFO: [ app_init ] --END-- [ RunTime:0.000432s ]
INFO: [ app_begin ] --START--
INFO: Run Behavior\ReadHtmlCacheBehavior [ RunTime:0.000745s ]
INFO: [ app_begin ] --END-- [ RunTime:0.000880s ]
SQL: SHOW COLUMNS FROM `home` [ RunTime:0.0261s ]
SQL: SELECT MAX(id) AS tp_max FROM `home` WHERE `time` LIKE '2016-09-16%' AND `sensor` = 'temp' LIMIT 1   [ RunTime:0.0284s ]
SQL: SELECT `num` FROM `home` WHERE `time` LIKE '2016-09-16%' AND `sensor` = 'temp' AND `id` = null  [ RunTime:0.0249s ]
NOTIC: [8] Undefined offset: 0 D:\xampp\htdocs\MonkeyGuard\Application\Home\Controller\IndexController.class.php 第 13 行.
SQL: SELECT MAX(id) AS tp_max FROM `home` WHERE `time` LIKE '2016-09-16%' AND `sensor` = 'humid' LIMIT 1   [ RunTime:0.0253s ]
SQL: SELECT `num` FROM `home` WHERE `time` LIKE '2016-09-16%' AND `sensor` = 'humid' AND `id` = null  [ RunTime:0.0252s ]
NOTIC: [8] Undefined offset: 0 D:\xampp\htdocs\MonkeyGuard\Application\Home\Controller\IndexController.class.php 第 19 行.
NOTIC: [8] Undefined variable: where D:\xampp\htdocs\MonkeyGuard\Application\Home\Controller\IndexController.class.php 第 23 行.
SQL: SELECT MAX(id) AS tp_max FROM `home` LIMIT 1   [ RunTime:0.0249s ]
SQL: SELECT `num` FROM `home` WHERE `time` LIKE '2016-09-16%' AND `sensor` = 'fire' AND `id` = 126  [ RunTime:0.0249s ]
NOTIC: [8] Undefined offset: 0 D:\xampp\htdocs\MonkeyGuard\Application\Home\Controller\IndexController.class.php 第 25 行.
SQL: SELECT MAX(id) AS tp_max FROM `home` WHERE `time` LIKE '2016-09-16%' AND `sensor` = 'fog' LIMIT 1   [ RunTime:0.0252s ]
SQL: SELECT `num` FROM `home` WHERE `time` LIKE '2016-09-16%' AND `sensor` = 'fog' AND `id` = null  [ RunTime:0.0249s ]
NOTIC: [8] Undefined offset: 0 D:\xampp\htdocs\MonkeyGuard\Application\Home\Controller\IndexController.class.php 第 31 行.
INFO: [ view_parse ] --START--
INFO: [ template_filter ] --START--
INFO: Run Behavior\ContentReplaceBehavior [ RunTime:0.000174s ]
INFO: [ template_filter ] --END-- [ RunTime:0.000266s ]
INFO: Run Behavior\ParseTemplateBehavior [ RunTime:0.017337s ]
INFO: [ view_parse ] --END-- [ RunTime:0.017482s ]
INFO: [ view_filter ] --START--
INFO: Run Behavior\WriteHtmlCacheBehavior [ RunTime:0.001253s ]
INFO: [ view_filter ] --END-- [ RunTime:0.001374s ]
INFO: [ app_end ] --START--
INFO: Run Behavior\ShowPageTraceBehavior [ RunTime:0.001376s ]
INFO: [ app_end ] --END-- [ RunTime:0.001496s ]

[ 2016-09-16T15:35:17+08:00 ] ::1 /monkeyguard/index.php/Home/Index/index.html
INFO: [ app_init ] --START--
INFO: Run Behavior\BuildLiteBehavior [ RunTime:0.000017s ]
INFO: [ app_init ] --END-- [ RunTime:0.000428s ]
INFO: [ app_begin ] --START--
INFO: Run Behavior\ReadHtmlCacheBehavior [ RunTime:0.000804s ]
INFO: [ app_begin ] --END-- [ RunTime:0.000875s ]
SQL: SHOW COLUMNS FROM `home` [ RunTime:0.0257s ]
SQL: SELECT MAX(id) AS tp_max FROM `home` WHERE `time` LIKE '2016-09-16%' AND `sensor` = 'temp' LIMIT 1   [ RunTime:0.0437s ]
SQL: SELECT `num` FROM `home` WHERE `time` LIKE '2016-09-16%' AND `sensor` = 'temp' AND `id` = null  [ RunTime:0.0816s ]
NOTIC: [8] Undefined offset: 0 D:\xampp\htdocs\MonkeyGuard\Application\Home\Controller\IndexController.class.php 第 13 行.
SQL: SELECT MAX(id) AS tp_max FROM `home` WHERE `time` LIKE '2016-09-16%' AND `sensor` = 'humid' LIMIT 1   [ RunTime:0.3827s ]
SQL: SELECT `num` FROM `home` WHERE `time` LIKE '2016-09-16%' AND `sensor` = 'humid' AND `id` = null  [ RunTime:0.0854s ]
NOTIC: [8] Undefined offset: 0 D:\xampp\htdocs\MonkeyGuard\Application\Home\Controller\IndexController.class.php 第 19 行.
NOTIC: [8] Undefined variable: where D:\xampp\htdocs\MonkeyGuard\Application\Home\Controller\IndexController.class.php 第 23 行.
SQL: SELECT MAX(id) AS tp_max FROM `home` LIMIT 1   [ RunTime:0.0907s ]
SQL: SELECT `num` FROM `home` WHERE `time` LIKE '2016-09-16%' AND `sensor` = 'fire' AND `id` = 126  [ RunTime:0.0904s ]
NOTIC: [8] Undefined offset: 0 D:\xampp\htdocs\MonkeyGuard\Application\Home\Controller\IndexController.class.php 第 25 行.
SQL: SELECT MAX(id) AS tp_max FROM `home` WHERE `time` LIKE '2016-09-16%' AND `sensor` = 'fog' LIMIT 1   [ RunTime:0.0892s ]
SQL: SELECT `num` FROM `home` WHERE `time` LIKE '2016-09-16%' AND `sensor` = 'fog' AND `id` = null  [ RunTime:0.0915s ]
NOTIC: [8] Undefined offset: 0 D:\xampp\htdocs\MonkeyGuard\Application\Home\Controller\IndexController.class.php 第 31 行.
INFO: [ view_parse ] --START--
INFO: [ template_filter ] --START--
INFO: Run Behavior\ContentReplaceBehavior [ RunTime:0.000134s ]
INFO: [ template_filter ] --END-- [ RunTime:0.000206s ]
INFO: Run Behavior\ParseTemplateBehavior [ RunTime:0.012172s ]
INFO: [ view_parse ] --END-- [ RunTime:0.012253s ]
INFO: [ view_filter ] --START--
INFO: Run Behavior\WriteHtmlCacheBehavior [ RunTime:0.000295s ]
INFO: [ view_filter ] --END-- [ RunTime:0.000341s ]
INFO: [ app_end ] --START--
INFO: Run Behavior\ShowPageTraceBehavior [ RunTime:0.000585s ]
INFO: [ app_end ] --END-- [ RunTime:0.000640s ]

[ 2016-09-16T15:35:18+08:00 ] ::1 /monkeyguard/index.php/Home/Index/index.html
INFO: [ app_init ] --START--
INFO: Run Behavior\BuildLiteBehavior [ RunTime:0.000016s ]
INFO: [ app_init ] --END-- [ RunTime:0.000401s ]
INFO: [ app_begin ] --START--
INFO: Run Behavior\ReadHtmlCacheBehavior [ RunTime:0.001251s ]
INFO: [ app_begin ] --END-- [ RunTime:0.001351s ]
SQL: SHOW COLUMNS FROM `home` [ RunTime:0.0621s ]
SQL: SELECT MAX(id) AS tp_max FROM `home` WHERE `time` LIKE '2016-09-16%' AND `sensor` = 'temp' LIMIT 1   [ RunTime:0.0913s ]
SQL: SELECT `num` FROM `home` WHERE `time` LIKE '2016-09-16%' AND `sensor` = 'temp' AND `id` = null  [ RunTime:0.0762s ]
NOTIC: [8] Undefined offset: 0 D:\xampp\htdocs\MonkeyGuard\Application\Home\Controller\IndexController.class.php 第 13 行.
SQL: SELECT MAX(id) AS tp_max FROM `home` WHERE `time` LIKE '2016-09-16%' AND `sensor` = 'humid' LIMIT 1   [ RunTime:0.0819s ]
SQL: SELECT `num` FROM `home` WHERE `time` LIKE '2016-09-16%' AND `sensor` = 'humid' AND `id` = null  [ RunTime:0.0742s ]
NOTIC: [8] Undefined offset: 0 D:\xampp\htdocs\MonkeyGuard\Application\Home\Controller\IndexController.class.php 第 19 行.
NOTIC: [8] Undefined variable: where D:\xampp\htdocs\MonkeyGuard\Application\Home\Controller\IndexController.class.php 第 23 行.
SQL: SELECT MAX(id) AS tp_max FROM `home` LIMIT 1   [ RunTime:0.0849s ]
SQL: SELECT `num` FROM `home` WHERE `time` LIKE '2016-09-16%' AND `sensor` = 'fire' AND `id` = 126  [ RunTime:0.3069s ]
NOTIC: [8] Undefined offset: 0 D:\xampp\htdocs\MonkeyGuard\Application\Home\Controller\IndexController.class.php 第 25 行.
SQL: SELECT MAX(id) AS tp_max FROM `home` WHERE `time` LIKE '2016-09-16%' AND `sensor` = 'fog' LIMIT 1   [ RunTime:0.0258s ]
SQL: SELECT `num` FROM `home` WHERE `time` LIKE '2016-09-16%' AND `sensor` = 'fog' AND `id` = null  [ RunTime:0.0253s ]
NOTIC: [8] Undefined offset: 0 D:\xampp\htdocs\MonkeyGuard\Application\Home\Controller\IndexController.class.php 第 31 行.
INFO: [ view_parse ] --START--
INFO: [ template_filter ] --START--
INFO: Run Behavior\ContentReplaceBehavior [ RunTime:0.000074s ]
INFO: [ template_filter ] --END-- [ RunTime:0.000112s ]
INFO: Run Behavior\ParseTemplateBehavior [ RunTime:0.007026s ]
INFO: [ view_parse ] --END-- [ RunTime:0.007078s ]
INFO: [ view_filter ] --START--
INFO: Run Behavior\WriteHtmlCacheBehavior [ RunTime:0.000250s ]
INFO: [ view_filter ] --END-- [ RunTime:0.000276s ]
INFO: [ app_end ] --START--
INFO: Run Behavior\ShowPageTraceBehavior [ RunTime:0.000503s ]
INFO: [ app_end ] --END-- [ RunTime:0.000545s ]

[ 2016-09-16T15:43:45+08:00 ] ::1 /monkeyguard/index.php/Home/Index/index.html
INFO: [ app_init ] --START--
INFO: Run Behavior\BuildLiteBehavior [ RunTime:0.000021s ]
INFO: [ app_init ] --END-- [ RunTime:0.000598s ]
INFO: [ app_begin ] --START--
INFO: Run Behavior\ReadHtmlCacheBehavior [ RunTime:0.000838s ]
INFO: [ app_begin ] --END-- [ RunTime:0.000921s ]
SQL: SHOW COLUMNS FROM `home` [ RunTime:0.0294s ]
SQL: SELECT MAX(id) AS tp_max FROM `home` WHERE `time` LIKE '2016-09-16%' AND `sensor` = 'temp' LIMIT 1   [ RunTime:0.0267s ]
SQL: SELECT `num` FROM `home` WHERE `time` LIKE '2016-09-16%' AND `sensor` = 'temp' AND `id` = null  [ RunTime:0.0290s ]
NOTIC: [8] Undefined offset: 0 D:\xampp\htdocs\MonkeyGuard\Application\Home\Controller\IndexController.class.php 第 13 行.
SQL: SELECT MAX(id) AS tp_max FROM `home` WHERE `time` LIKE '2016-09-16%' AND `sensor` = 'humid' LIMIT 1   [ RunTime:0.0367s ]
SQL: SELECT `num` FROM `home` WHERE `time` LIKE '2016-09-16%' AND `sensor` = 'humid' AND `id` = null  [ RunTime:0.0260s ]
NOTIC: [8] Undefined offset: 0 D:\xampp\htdocs\MonkeyGuard\Application\Home\Controller\IndexController.class.php 第 19 行.
NOTIC: [8] Undefined variable: where D:\xampp\htdocs\MonkeyGuard\Application\Home\Controller\IndexController.class.php 第 23 行.
SQL: SELECT MAX(id) AS tp_max FROM `home` LIMIT 1   [ RunTime:0.0281s ]
SQL: SELECT `num` FROM `home` WHERE `time` LIKE '2016-09-16%' AND `sensor` = 'fire' AND `id` = 126  [ RunTime:0.0256s ]
NOTIC: [8] Undefined offset: 0 D:\xampp\htdocs\MonkeyGuard\Application\Home\Controller\IndexController.class.php 第 25 行.
SQL: SELECT MAX(id) AS tp_max FROM `home` WHERE `time` LIKE '2016-09-16%' AND `sensor` = 'fog' LIMIT 1   [ RunTime:0.0261s ]
SQL: SELECT `num` FROM `home` WHERE `time` LIKE '2016-09-16%' AND `sensor` = 'fog' AND `id` = null  [ RunTime:0.0257s ]
NOTIC: [8] Undefined offset: 0 D:\xampp\htdocs\MonkeyGuard\Application\Home\Controller\IndexController.class.php 第 31 行.
INFO: [ view_parse ] --START--
INFO: [ template_filter ] --START--
INFO: Run Behavior\ContentReplaceBehavior [ RunTime:0.000077s ]
INFO: [ template_filter ] --END-- [ RunTime:0.000116s ]
INFO: Run Behavior\ParseTemplateBehavior [ RunTime:0.007276s ]
INFO: [ view_parse ] --END-- [ RunTime:0.007348s ]
INFO: [ view_filter ] --START--
INFO: Run Behavior\WriteHtmlCacheBehavior [ RunTime:0.000226s ]
INFO: [ view_filter ] --END-- [ RunTime:0.000252s ]
INFO: [ app_end ] --START--
INFO: Run Behavior\ShowPageTraceBehavior [ RunTime:0.000535s ]
INFO: [ app_end ] --END-- [ RunTime:0.000581s ]

[ 2016-09-16T15:43:55+08:00 ] ::1 /monkeyguard/index.php/Home/Index/temp.html?id=1
INFO: [ app_init ] --START--
INFO: Run Behavior\BuildLiteBehavior [ RunTime:0.000011s ]
INFO: [ app_init ] --END-- [ RunTime:0.000280s ]
INFO: [ app_begin ] --START--
INFO: Run Behavior\ReadHtmlCacheBehavior [ RunTime:0.000356s ]
INFO: [ app_begin ] --END-- [ RunTime:0.000400s ]
SQL: SHOW COLUMNS FROM `home` [ RunTime:0.0256s ]
SQL: SELECT * FROM `home` WHERE `sensor` = 'humid' AND ( `time` LIKE '2016-09-16 %:00:00' OR `time` LIKE '2016-09-16 %:00:01' OR `time` LIKE '2016-09-16 %:00:02' OR `time` LIKE '2016-09-16 %:00:03' OR `time` LIKE '2016-09-16 %:00:04' ) GROUP BY time ORDER BY time ASC  [ RunTime:0.0268s ]
NOTIC: [8] Undefined variable: data0 D:\xampp\htdocs\MonkeyGuard\Application\Home\Controller\IndexController.class.php 第 149 行.
NOTIC: [8] Undefined variable: data D:\xampp\htdocs\MonkeyGuard\Application\Home\Controller\IndexController.class.php 第 151 行.
INFO: [ view_parse ] --START--
INFO: [ template_filter ] --START--
INFO: Run Behavior\ContentReplaceBehavior [ RunTime:0.000106s ]
INFO: [ template_filter ] --END-- [ RunTime:0.000191s ]
INFO: Run Behavior\ParseTemplateBehavior [ RunTime:0.011002s ]
INFO: [ view_parse ] --END-- [ RunTime:0.011113s ]
INFO: [ view_filter ] --START--
INFO: Run Behavior\WriteHtmlCacheBehavior [ RunTime:0.000389s ]
INFO: [ view_filter ] --END-- [ RunTime:0.000452s ]
INFO: [ app_end ] --START--
INFO: Run Behavior\ShowPageTraceBehavior [ RunTime:0.000717s ]
INFO: [ app_end ] --END-- [ RunTime:0.000793s ]

[ 2016-09-16T15:52:17+08:00 ] ::1 /monkeyguard/index.php/Home/Index/index.html
INFO: [ app_init ] --START--
INFO: Run Behavior\BuildLiteBehavior [ RunTime:0.000013s ]
INFO: [ app_init ] --END-- [ RunTime:0.000542s ]
INFO: [ app_begin ] --START--
INFO: Run Behavior\ReadHtmlCacheBehavior [ RunTime:0.000415s ]
INFO: [ app_begin ] --END-- [ RunTime:0.000455s ]
SQL: SHOW COLUMNS FROM `home` [ RunTime:0.6158s ]
SQL: SELECT MAX(id) AS tp_max FROM `home` WHERE `time` LIKE '2016-09-16%' AND `sensor` = 'temp' LIMIT 1   [ RunTime:0.2201s ]
SQL: SELECT `num` FROM `home` WHERE `time` LIKE '2016-09-16%' AND `sensor` = 'temp' AND `id` = null  [ RunTime:0.0432s ]
NOTIC: [8] Undefined offset: 0 D:\xampp\htdocs\MonkeyGuard\Application\Home\Controller\IndexController.class.php 第 13 行.
SQL: SELECT MAX(id) AS tp_max FROM `home` WHERE `time` LIKE '2016-09-16%' AND `sensor` = 'humid' LIMIT 1   [ RunTime:0.0837s ]
SQL: SELECT `num` FROM `home` WHERE `time` LIKE '2016-09-16%' AND `sensor` = 'humid' AND `id` = null  [ RunTime:0.1411s ]
NOTIC: [8] Undefined offset: 0 D:\xampp\htdocs\MonkeyGuard\Application\Home\Controller\IndexController.class.php 第 19 行.
NOTIC: [8] Undefined variable: where D:\xampp\htdocs\MonkeyGuard\Application\Home\Controller\IndexController.class.php 第 23 行.
SQL: SELECT MAX(id) AS tp_max FROM `home` LIMIT 1   [ RunTime:0.7517s ]
SQL: SELECT `num` FROM `home` WHERE `time` LIKE '2016-09-16%' AND `sensor` = 'fire' AND `id` = 126  [ RunTime:0.5595s ]
NOTIC: [8] Undefined offset: 0 D:\xampp\htdocs\MonkeyGuard\Application\Home\Controller\IndexController.class.php 第 25 行.
SQL: SELECT MAX(id) AS tp_max FROM `home` WHERE `time` LIKE '2016-09-16%' AND `sensor` = 'fog' LIMIT 1   [ RunTime:0.0865s ]
SQL: SELECT `num` FROM `home` WHERE `time` LIKE '2016-09-16%' AND `sensor` = 'fog' AND `id` = null  [ RunTime:0.0795s ]
NOTIC: [8] Undefined offset: 0 D:\xampp\htdocs\MonkeyGuard\Application\Home\Controller\IndexController.class.php 第 31 行.
INFO: [ view_parse ] --START--
INFO: [ template_filter ] --START--
INFO: Run Behavior\ContentReplaceBehavior [ RunTime:0.000534s ]
INFO: [ template_filter ] --END-- [ RunTime:0.000747s ]
INFO: Run Behavior\ParseTemplateBehavior [ RunTime:0.028668s ]
INFO: [ view_parse ] --END-- [ RunTime:0.028888s ]
INFO: [ view_filter ] --START--
INFO: Run Behavior\WriteHtmlCacheBehavior [ RunTime:0.001097s ]
INFO: [ view_filter ] --END-- [ RunTime:0.001267s ]
INFO: [ app_end ] --START--
INFO: Run Behavior\ShowPageTraceBehavior [ RunTime:0.006548s ]
INFO: [ app_end ] --END-- [ RunTime:0.006829s ]

[ 2016-09-16T15:52:26+08:00 ] ::1 /monkeyguard/index.php/Home/Index/index.html
INFO: [ app_init ] --START--
INFO: Run Behavior\BuildLiteBehavior [ RunTime:0.000012s ]
INFO: [ app_init ] --END-- [ RunTime:0.000285s ]
INFO: [ app_begin ] --START--
INFO: Run Behavior\ReadHtmlCacheBehavior [ RunTime:0.000363s ]
INFO: [ app_begin ] --END-- [ RunTime:0.000407s ]
SQL: SHOW COLUMNS FROM `home` [ RunTime:0.0542s ]
SQL: SELECT MAX(id) AS tp_max FROM `home` WHERE `time` LIKE '2016-09-16%' AND `sensor` = 'temp' LIMIT 1   [ RunTime:0.0301s ]
SQL: SELECT `num` FROM `home` WHERE `time` LIKE '2016-09-16%' AND `sensor` = 'temp' AND `id` = null  [ RunTime:0.0260s ]
NOTIC: [8] Undefined offset: 0 D:\xampp\htdocs\MonkeyGuard\Application\Home\Controller\IndexController.class.php 第 13 行.
SQL: SELECT MAX(id) AS tp_max FROM `home` WHERE `time` LIKE '2016-09-16%' AND `sensor` = 'humid' LIMIT 1   [ RunTime:0.0256s ]
SQL: SELECT `num` FROM `home` WHERE `time` LIKE '2016-09-16%' AND `sensor` = 'humid' AND `id` = null  [ RunTime:0.0374s ]
NOTIC: [8] Undefined offset: 0 D:\xampp\htdocs\MonkeyGuard\Application\Home\Controller\IndexController.class.php 第 19 行.
NOTIC: [8] Undefined variable: where D:\xampp\htdocs\MonkeyGuard\Application\Home\Controller\IndexController.class.php 第 23 行.
SQL: SELECT MAX(id) AS tp_max FROM `home` LIMIT 1   [ RunTime:0.0257s ]
SQL: SELECT `num` FROM `home` WHERE `time` LIKE '2016-09-16%' AND `sensor` = 'fire' AND `id` = 126  [ RunTime:0.0266s ]
NOTIC: [8] Undefined offset: 0 D:\xampp\htdocs\MonkeyGuard\Application\Home\Controller\IndexController.class.php 第 25 行.
SQL: SELECT MAX(id) AS tp_max FROM `home` WHERE `time` LIKE '2016-09-16%' AND `sensor` = 'fog' LIMIT 1   [ RunTime:0.0256s ]
SQL: SELECT `num` FROM `home` WHERE `time` LIKE '2016-09-16%' AND `sensor` = 'fog' AND `id` = null  [ RunTime:0.0250s ]
NOTIC: [8] Undefined offset: 0 D:\xampp\htdocs\MonkeyGuard\Application\Home\Controller\IndexController.class.php 第 31 行.
INFO: [ view_parse ] --START--
INFO: [ template_filter ] --START--
INFO: Run Behavior\ContentReplaceBehavior [ RunTime:0.000285s ]
INFO: [ template_filter ] --END-- [ RunTime:0.000419s ]
INFO: Run Behavior\ParseTemplateBehavior [ RunTime:0.026435s ]
INFO: [ view_parse ] --END-- [ RunTime:0.026594s ]
INFO: [ view_filter ] --START--
INFO: Run Behavior\WriteHtmlCacheBehavior [ RunTime:0.000617s ]
INFO: [ view_filter ] --END-- [ RunTime:0.000713s ]
INFO: [ app_end ] --START--
INFO: Run Behavior\ShowPageTraceBehavior [ RunTime:0.002021s ]
INFO: [ app_end ] --END-- [ RunTime:0.002216s ]

[ 2016-09-16T15:53:45+08:00 ] ::1 /monkeyguard/index.php/Home/Index/index.html
INFO: [ app_init ] --START--
INFO: Run Behavior\BuildLiteBehavior [ RunTime:0.000012s ]
INFO: [ app_init ] --END-- [ RunTime:0.000296s ]
INFO: [ app_begin ] --START--
INFO: Run Behavior\ReadHtmlCacheBehavior [ RunTime:0.000385s ]
INFO: [ app_begin ] --END-- [ RunTime:0.000437s ]
SQL: SHOW COLUMNS FROM `home` [ RunTime:0.0257s ]
SQL: SELECT MAX(id) AS tp_max FROM `home` WHERE `time` LIKE '2016-09-16%' AND `sensor` = 'temp' LIMIT 1   [ RunTime:0.0285s ]
SQL: SELECT `num` FROM `home` WHERE `time` LIKE '2016-09-16%' AND `sensor` = 'temp' AND `id` = null  [ RunTime:0.0250s ]
NOTIC: [8] Undefined offset: 0 D:\xampp\htdocs\MonkeyGuard\Application\Home\Controller\IndexController.class.php 第 13 行.
SQL: SELECT MAX(id) AS tp_max FROM `home` WHERE `time` LIKE '2016-09-16%' AND `sensor` = 'humid' LIMIT 1   [ RunTime:0.0252s ]
SQL: SELECT `num` FROM `home` WHERE `time` LIKE '2016-09-16%' AND `sensor` = 'humid' AND `id` = null  [ RunTime:0.0252s ]
NOTIC: [8] Undefined offset: 0 D:\xampp\htdocs\MonkeyGuard\Application\Home\Controller\IndexController.class.php 第 19 行.
NOTIC: [8] Undefined variable: where D:\xampp\htdocs\MonkeyGuard\Application\Home\Controller\IndexController.class.php 第 23 行.
SQL: SELECT MAX(id) AS tp_max FROM `home` LIMIT 1   [ RunTime:0.0255s ]
SQL: SELECT `num` FROM `home` WHERE `time` LIKE '2016-09-16%' AND `sensor` = 'fire' AND `id` = 126  [ RunTime:0.0281s ]
NOTIC: [8] Undefined offset: 0 D:\xampp\htdocs\MonkeyGuard\Application\Home\Controller\IndexController.class.php 第 25 行.
SQL: SELECT MAX(id) AS tp_max FROM `home` WHERE `time` LIKE '2016-09-16%' AND `sensor` = 'fog' LIMIT 1   [ RunTime:0.0261s ]
SQL: SELECT `num` FROM `home` WHERE `time` LIKE '2016-09-16%' AND `sensor` = 'fog' AND `id` = null  [ RunTime:0.0253s ]
NOTIC: [8] Undefined offset: 0 D:\xampp\htdocs\MonkeyGuard\Application\Home\Controller\IndexController.class.php 第 31 行.
INFO: [ view_parse ] --START--
INFO: [ template_filter ] --START--
INFO: Run Behavior\ContentReplaceBehavior [ RunTime:0.000198s ]
INFO: [ template_filter ] --END-- [ RunTime:0.000299s ]
INFO: Run Behavior\ParseTemplateBehavior [ RunTime:0.017368s ]
INFO: [ view_parse ] --END-- [ RunTime:0.017484s ]
INFO: [ view_filter ] --START--
INFO: Run Behavior\WriteHtmlCacheBehavior [ RunTime:0.000501s ]
INFO: [ view_filter ] --END-- [ RunTime:0.000577s ]
INFO: [ app_end ] --START--
INFO: Run Behavior\ShowPageTraceBehavior [ RunTime:0.000843s ]
INFO: [ app_end ] --END-- [ RunTime:0.000928s ]

[ 2016-09-16T15:54:19+08:00 ] ::1 /monkeyguard/index.php/Home/Index/video.html
INFO: [ app_init ] --START--
INFO: Run Behavior\BuildLiteBehavior [ RunTime:0.000015s ]
INFO: [ app_init ] --END-- [ RunTime:0.000581s ]
INFO: [ app_begin ] --START--
INFO: Run Behavior\ReadHtmlCacheBehavior [ RunTime:0.000676s ]
INFO: [ app_begin ] --END-- [ RunTime:0.000776s ]
INFO: [ view_parse ] --START--
INFO: [ template_filter ] --START--
INFO: Run Behavior\ContentReplaceBehavior [ RunTime:0.000044s ]
INFO: [ template_filter ] --END-- [ RunTime:0.000085s ]
INFO: Run Behavior\ParseTemplateBehavior [ RunTime:0.005634s ]
INFO: [ view_parse ] --END-- [ RunTime:0.005683s ]
INFO: [ view_filter ] --START--
INFO: Run Behavior\WriteHtmlCacheBehavior [ RunTime:0.000218s ]
INFO: [ view_filter ] --END-- [ RunTime:0.000243s ]
INFO: [ app_end ] --START--
INFO: Run Behavior\ShowPageTraceBehavior [ RunTime:0.000362s ]
INFO: [ app_end ] --END-- [ RunTime:0.000390s ]

[ 2016-09-16T15:54:21+08:00 ] ::1 /monkeyguard/index.php/Home/Index/index.html
INFO: [ app_init ] --START--
INFO: Run Behavior\BuildLiteBehavior [ RunTime:0.000017s ]
INFO: [ app_init ] --END-- [ RunTime:0.000399s ]
INFO: [ app_begin ] --START--
INFO: Run Behavior\ReadHtmlCacheBehavior [ RunTime:0.000344s ]
INFO: [ app_begin ] --END-- [ RunTime:0.000389s ]
SQL: SHOW COLUMNS FROM `home` [ RunTime:0.0259s ]
SQL: SELECT MAX(id) AS tp_max FROM `home` WHERE `time` LIKE '2016-09-16%' AND `sensor` = 'temp' LIMIT 1   [ RunTime:0.0249s ]
SQL: SELECT `num` FROM `home` WHERE `time` LIKE '2016-09-16%' AND `sensor` = 'temp' AND `id` = null  [ RunTime:0.0266s ]
NOTIC: [8] Undefined offset: 0 D:\xampp\htdocs\MonkeyGuard\Application\Home\Controller\IndexController.class.php 第 13 行.
SQL: SELECT MAX(id) AS tp_max FROM `home` WHERE `time` LIKE '2016-09-16%' AND `sensor` = 'humid' LIMIT 1   [ RunTime:0.0260s ]
SQL: SELECT `num` FROM `home` WHERE `time` LIKE '2016-09-16%' AND `sensor` = 'humid' AND `id` = null  [ RunTime:0.0248s ]
NOTIC: [8] Undefined offset: 0 D:\xampp\htdocs\MonkeyGuard\Application\Home\Controller\IndexController.class.php 第 19 行.
NOTIC: [8] Undefined variable: where D:\xampp\htdocs\MonkeyGuard\Application\Home\Controller\IndexController.class.php 第 23 行.
SQL: SELECT MAX(id) AS tp_max FROM `home` LIMIT 1   [ RunTime:0.0264s ]
SQL: SELECT `num` FROM `home` WHERE `time` LIKE '2016-09-16%' AND `sensor` = 'fire' AND `id` = 126  [ RunTime:0.0248s ]
NOTIC: [8] Undefined offset: 0 D:\xampp\htdocs\MonkeyGuard\Application\Home\Controller\IndexController.class.php 第 25 行.
SQL: SELECT MAX(id) AS tp_max FROM `home` WHERE `time` LIKE '2016-09-16%' AND `sensor` = 'fog' LIMIT 1   [ RunTime:0.0246s ]
SQL: SELECT `num` FROM `home` WHERE `time` LIKE '2016-09-16%' AND `sensor` = 'fog' AND `id` = null  [ RunTime:0.0248s ]
NOTIC: [8] Undefined offset: 0 D:\xampp\htdocs\MonkeyGuard\Application\Home\Controller\IndexController.class.php 第 31 行.
INFO: [ view_parse ] --START--
INFO: [ template_filter ] --START--
INFO: Run Behavior\ContentReplaceBehavior [ RunTime:0.000080s ]
INFO: [ template_filter ] --END-- [ RunTime:0.000124s ]
INFO: Run Behavior\ParseTemplateBehavior [ RunTime:0.007491s ]
INFO: [ view_parse ] --END-- [ RunTime:0.007542s ]
INFO: [ view_filter ] --START--
INFO: Run Behavior\WriteHtmlCacheBehavior [ RunTime:0.000164s ]
INFO: [ view_filter ] --END-- [ RunTime:0.000190s ]
INFO: [ app_end ] --START--
INFO: Run Behavior\ShowPageTraceBehavior [ RunTime:0.000349s ]
INFO: [ app_end ] --END-- [ RunTime:0.000385s ]

[ 2016-09-16T16:04:50+08:00 ] ::1 /monkeyguard/index.php/Home/Index/index.html
INFO: [ app_init ] --START--
INFO: Run Behavior\BuildLiteBehavior [ RunTime:0.000012s ]
INFO: [ app_init ] --END-- [ RunTime:0.000425s ]
INFO: [ app_begin ] --START--
INFO: Run Behavior\ReadHtmlCacheBehavior [ RunTime:0.000519s ]
INFO: [ app_begin ] --END-- [ RunTime:0.000575s ]
SQL: SHOW COLUMNS FROM `home` [ RunTime:0.0288s ]
SQL: SELECT MAX(id) AS tp_max FROM `home` WHERE `time` LIKE '2016-09-16%' AND `sensor` = 'temp' LIMIT 1   [ RunTime:0.0304s ]
SQL: SELECT `num` FROM `home` WHERE `time` LIKE '2016-09-16%' AND `sensor` = 'temp' AND `id` = null  [ RunTime:0.0277s ]
NOTIC: [8] Undefined offset: 0 D:\xampp\htdocs\MonkeyGuard\Application\Home\Controller\IndexController.class.php 第 13 行.
SQL: SELECT MAX(id) AS tp_max FROM `home` WHERE `time` LIKE '2016-09-16%' AND `sensor` = 'humid' LIMIT 1   [ RunTime:0.0282s ]
SQL: SELECT `num` FROM `home` WHERE `time` LIKE '2016-09-16%' AND `sensor` = 'humid' AND `id` = null  [ RunTime:0.0596s ]
NOTIC: [8] Undefined offset: 0 D:\xampp\htdocs\MonkeyGuard\Application\Home\Controller\IndexController.class.php 第 19 行.
NOTIC: [8] Undefined variable: where D:\xampp\htdocs\MonkeyGuard\Application\Home\Controller\IndexController.class.php 第 23 行.
SQL: SELECT MAX(id) AS tp_max FROM `home` LIMIT 1   [ RunTime:0.0266s ]
SQL: SELECT `num` FROM `home` WHERE `time` LIKE '2016-09-16%' AND `sensor` = 'fire' AND `id` = 126  [ RunTime:0.0266s ]
NOTIC: [8] Undefined offset: 0 D:\xampp\htdocs\MonkeyGuard\Application\Home\Controller\IndexController.class.php 第 25 行.
SQL: SELECT MAX(id) AS tp_max FROM `home` WHERE `time` LIKE '2016-09-16%' AND `sensor` = 'fog' LIMIT 1   [ RunTime:0.0282s ]
SQL: SELECT `num` FROM `home` WHERE `time` LIKE '2016-09-16%' AND `sensor` = 'fog' AND `id` = null  [ RunTime:0.0897s ]
NOTIC: [8] Undefined offset: 0 D:\xampp\htdocs\MonkeyGuard\Application\Home\Controller\IndexController.class.php 第 31 行.
INFO: [ view_parse ] --START--
INFO: [ template_filter ] --START--
INFO: Run Behavior\ContentReplaceBehavior [ RunTime:0.000084s ]
INFO: [ template_filter ] --END-- [ RunTime:0.000139s ]
INFO: Run Behavior\ParseTemplateBehavior [ RunTime:0.008132s ]
INFO: [ view_parse ] --END-- [ RunTime:0.008186s ]
INFO: [ view_filter ] --START--
INFO: Run Behavior\WriteHtmlCacheBehavior [ RunTime:0.000231s ]
INFO: [ view_filter ] --END-- [ RunTime:0.000256s ]
INFO: [ app_end ] --START--
INFO: Run Behavior\ShowPageTraceBehavior [ RunTime:0.000375s ]
INFO: [ app_end ] --END-- [ RunTime:0.000407s ]

[ 2016-09-16T16:04:58+08:00 ] ::1 /monkeyguard/index.php/Home/Index/index.html
INFO: [ app_init ] --START--
INFO: Run Behavior\BuildLiteBehavior [ RunTime:0.000025s ]
INFO: [ app_init ] --END-- [ RunTime:0.000939s ]
INFO: [ app_begin ] --START--
INFO: Run Behavior\ReadHtmlCacheBehavior [ RunTime:0.000524s ]
INFO: [ app_begin ] --END-- [ RunTime:0.000572s ]
SQL: SHOW COLUMNS FROM `home` [ RunTime:0.0559s ]
SQL: SELECT MAX(id) AS tp_max FROM `home` WHERE `time` LIKE '2016-09-16%' AND `sensor` = 'temp' LIMIT 1   [ RunTime:0.0827s ]
SQL: SELECT `num` FROM `home` WHERE `time` LIKE '2016-09-16%' AND `sensor` = 'temp' AND `id` = null  [ RunTime:0.0833s ]
NOTIC: [8] Undefined offset: 0 D:\xampp\htdocs\MonkeyGuard\Application\Home\Controller\IndexController.class.php 第 13 行.
SQL: SELECT MAX(id) AS tp_max FROM `home` WHERE `time` LIKE '2016-09-16%' AND `sensor` = 'humid' LIMIT 1   [ RunTime:2.5540s ]
SQL: SELECT `num` FROM `home` WHERE `time` LIKE '2016-09-16%' AND `sensor` = 'humid' AND `id` = null  [ RunTime:3.7994s ]
NOTIC: [8] Undefined offset: 0 D:\xampp\htdocs\MonkeyGuard\Application\Home\Controller\IndexController.class.php 第 19 行.
NOTIC: [8] Undefined variable: where D:\xampp\htdocs\MonkeyGuard\Application\Home\Controller\IndexController.class.php 第 23 行.
SQL: SELECT MAX(id) AS tp_max FROM `home` LIMIT 1   [ RunTime:1.2791s ]
SQL: SELECT `num` FROM `home` WHERE `time` LIKE '2016-09-16%' AND `sensor` = 'fire' AND `id` = 126  [ RunTime:0.0652s ]
NOTIC: [8] Undefined offset: 0 D:\xampp\htdocs\MonkeyGuard\Application\Home\Controller\IndexController.class.php 第 25 行.
SQL: SELECT MAX(id) AS tp_max FROM `home` WHERE `time` LIKE '2016-09-16%' AND `sensor` = 'fog' LIMIT 1   [ RunTime:0.0974s ]
SQL: SELECT `num` FROM `home` WHERE `time` LIKE '2016-09-16%' AND `sensor` = 'fog' AND `id` = null  [ RunTime:0.2929s ]
NOTIC: [8] Undefined offset: 0 D:\xampp\htdocs\MonkeyGuard\Application\Home\Controller\IndexController.class.php 第 31 行.
INFO: [ view_parse ] --START--
INFO: [ template_filter ] --START--
INFO: Run Behavior\ContentReplaceBehavior [ RunTime:0.000157s ]
INFO: [ template_filter ] --END-- [ RunTime:0.000238s ]
INFO: Run Behavior\ParseTemplateBehavior [ RunTime:0.018410s ]
INFO: [ view_parse ] --END-- [ RunTime:0.018531s ]
INFO: [ view_filter ] --START--
INFO: Run Behavior\WriteHtmlCacheBehavior [ RunTime:0.000773s ]
INFO: [ view_filter ] --END-- [ RunTime:0.000872s ]
INFO: [ app_end ] --START--
INFO: Run Behavior\ShowPageTraceBehavior [ RunTime:0.000997s ]
INFO: [ app_end ] --END-- [ RunTime:0.001090s ]

[ 2016-09-16T16:04:59+08:00 ] ::1 /monkeyguard/index.php/Home/Index/index.html
INFO: [ app_init ] --START--
INFO: Run Behavior\BuildLiteBehavior [ RunTime:0.000025s ]
INFO: [ app_init ] --END-- [ RunTime:0.000542s ]
INFO: [ app_begin ] --START--
INFO: Run Behavior\ReadHtmlCacheBehavior [ RunTime:0.000463s ]
INFO: [ app_begin ] --END-- [ RunTime:0.000520s ]
SQL: SHOW COLUMNS FROM `home` [ RunTime:0.0417s ]
SQL: SELECT MAX(id) AS tp_max FROM `home` WHERE `time` LIKE '2016-09-16%' AND `sensor` = 'temp' LIMIT 1   [ RunTime:0.0727s ]
SQL: SELECT `num` FROM `home` WHERE `time` LIKE '2016-09-16%' AND `sensor` = 'temp' AND `id` = null  [ RunTime:0.0380s ]
NOTIC: [8] Undefined offset: 0 D:\xampp\htdocs\MonkeyGuard\Application\Home\Controller\IndexController.class.php 第 13 行.
SQL: SELECT MAX(id) AS tp_max FROM `home` WHERE `time` LIKE '2016-09-16%' AND `sensor` = 'humid' LIMIT 1   [ RunTime:0.0381s ]
SQL: SELECT `num` FROM `home` WHERE `time` LIKE '2016-09-16%' AND `sensor` = 'humid' AND `id` = null  [ RunTime:0.0872s ]
NOTIC: [8] Undefined offset: 0 D:\xampp\htdocs\MonkeyGuard\Application\Home\Controller\IndexController.class.php 第 19 行.
NOTIC: [8] Undefined variable: where D:\xampp\htdocs\MonkeyGuard\Application\Home\Controller\IndexController.class.php 第 23 行.
SQL: SELECT MAX(id) AS tp_max FROM `home` LIMIT 1   [ RunTime:0.0296s ]
SQL: SELECT `num` FROM `home` WHERE `time` LIKE '2016-09-16%' AND `sensor` = 'fire' AND `id` = 126  [ RunTime:0.0265s ]
NOTIC: [8] Undefined offset: 0 D:\xampp\htdocs\MonkeyGuard\Application\Home\Controller\IndexController.class.php 第 25 行.
SQL: SELECT MAX(id) AS tp_max FROM `home` WHERE `time` LIKE '2016-09-16%' AND `sensor` = 'fog' LIMIT 1   [ RunTime:0.0287s ]
SQL: SELECT `num` FROM `home` WHERE `time` LIKE '2016-09-16%' AND `sensor` = 'fog' AND `id` = null  [ RunTime:0.0261s ]
NOTIC: [8] Undefined offset: 0 D:\xampp\htdocs\MonkeyGuard\Application\Home\Controller\IndexController.class.php 第 31 行.
INFO: [ view_parse ] --START--
INFO: [ template_filter ] --START--
INFO: Run Behavior\ContentReplaceBehavior [ RunTime:0.000277s ]
INFO: [ template_filter ] --END-- [ RunTime:0.000416s ]
INFO: Run Behavior\ParseTemplateBehavior [ RunTime:0.025548s ]
INFO: [ view_parse ] --END-- [ RunTime:0.025676s ]
INFO: [ view_filter ] --START--
INFO: Run Behavior\WriteHtmlCacheBehavior [ RunTime:0.000358s ]
INFO: [ view_filter ] --END-- [ RunTime:0.000406s ]
INFO: [ app_end ] --START--
INFO: Run Behavior\ShowPageTraceBehavior [ RunTime:0.000634s ]
INFO: [ app_end ] --END-- [ RunTime:0.000703s ]

[ 2016-09-16T16:05:00+08:00 ] ::1 /monkeyguard/index.php/Home/Index/index.html
INFO: [ app_init ] --START--
INFO: Run Behavior\BuildLiteBehavior [ RunTime:0.000012s ]
INFO: [ app_init ] --END-- [ RunTime:0.000287s ]
INFO: [ app_begin ] --START--
INFO: Run Behavior\ReadHtmlCacheBehavior [ RunTime:0.000355s ]
INFO: [ app_begin ] --END-- [ RunTime:0.000398s ]
SQL: SHOW COLUMNS FROM `home` [ RunTime:0.1532s ]
SQL: SELECT MAX(id) AS tp_max FROM `home` WHERE `time` LIKE '2016-09-16%' AND `sensor` = 'temp' LIMIT 1   [ RunTime:0.1795s ]
SQL: SELECT `num` FROM `home` WHERE `time` LIKE '2016-09-16%' AND `sensor` = 'temp' AND `id` = null  [ RunTime:0.0603s ]
NOTIC: [8] Undefined offset: 0 D:\xampp\htdocs\MonkeyGuard\Application\Home\Controller\IndexController.class.php 第 13 行.
SQL: SELECT MAX(id) AS tp_max FROM `home` WHERE `time` LIKE '2016-09-16%' AND `sensor` = 'humid' LIMIT 1   [ RunTime:0.0368s ]
SQL: SELECT `num` FROM `home` WHERE `time` LIKE '2016-09-16%' AND `sensor` = 'humid' AND `id` = null  [ RunTime:0.0395s ]
NOTIC: [8] Undefined offset: 0 D:\xampp\htdocs\MonkeyGuard\Application\Home\Controller\IndexController.class.php 第 19 行.
NOTIC: [8] Undefined variable: where D:\xampp\htdocs\MonkeyGuard\Application\Home\Controller\IndexController.class.php 第 23 行.
SQL: SELECT MAX(id) AS tp_max FROM `home` LIMIT 1   [ RunTime:0.0261s ]
SQL: SELECT `num` FROM `home` WHERE `time` LIKE '2016-09-16%' AND `sensor` = 'fire' AND `id` = 126  [ RunTime:0.0291s ]
NOTIC: [8] Undefined offset: 0 D:\xampp\htdocs\MonkeyGuard\Application\Home\Controller\IndexController.class.php 第 25 行.
SQL: SELECT MAX(id) AS tp_max FROM `home` WHERE `time` LIKE '2016-09-16%' AND `sensor` = 'fog' LIMIT 1   [ RunTime:0.0289s ]
SQL: SELECT `num` FROM `home` WHERE `time` LIKE '2016-09-16%' AND `sensor` = 'fog' AND `id` = null  [ RunTime:0.0422s ]
NOTIC: [8] Undefined offset: 0 D:\xampp\htdocs\MonkeyGuard\Application\Home\Controller\IndexController.class.php 第 31 行.
INFO: [ view_parse ] --START--
INFO: [ template_filter ] --START--
INFO: Run Behavior\ContentReplaceBehavior [ RunTime:0.000246s ]
INFO: [ template_filter ] --END-- [ RunTime:0.000445s ]
INFO: Run Behavior\ParseTemplateBehavior [ RunTime:0.009754s ]
INFO: [ view_parse ] --END-- [ RunTime:0.009871s ]
INFO: [ view_filter ] --START--
INFO: Run Behavior\WriteHtmlCacheBehavior [ RunTime:0.001412s ]
INFO: [ view_filter ] --END-- [ RunTime:0.001476s ]
INFO: [ app_end ] --START--
INFO: Run Behavior\ShowPageTraceBehavior [ RunTime:0.001031s ]
INFO: [ app_end ] --END-- [ RunTime:0.001103s ]

[ 2016-09-16T16:05:17+08:00 ] ::1 /monkeyguard/index.php/Home/Index/index.html
INFO: [ app_init ] --START--
INFO: Run Behavior\BuildLiteBehavior [ RunTime:0.000012s ]
INFO: [ app_init ] --END-- [ RunTime:0.000283s ]
INFO: [ app_begin ] --START--
INFO: Run Behavior\ReadHtmlCacheBehavior [ RunTime:0.000379s ]
INFO: [ app_begin ] --END-- [ RunTime:0.000422s ]
SQL: SHOW COLUMNS FROM `home` [ RunTime:0.0429s ]
SQL: SELECT MAX(id) AS tp_max FROM `home` WHERE `time` LIKE '2016-09-16%' AND `sensor` = 'temp' LIMIT 1   [ RunTime:0.0343s ]
SQL: SELECT `num` FROM `home` WHERE `time` LIKE '2016-09-16%' AND `sensor` = 'temp' AND `id` = null  [ RunTime:0.0351s ]
NOTIC: [8] Undefined offset: 0 D:\xampp\htdocs\MonkeyGuard\Application\Home\Controller\IndexController.class.php 第 13 行.
SQL: SELECT MAX(id) AS tp_max FROM `home` WHERE `time` LIKE '2016-09-16%' AND `sensor` = 'humid' LIMIT 1   [ RunTime:0.0432s ]
SQL: SELECT `num` FROM `home` WHERE `time` LIKE '2016-09-16%' AND `sensor` = 'humid' AND `id` = null  [ RunTime:0.2348s ]
NOTIC: [8] Undefined offset: 0 D:\xampp\htdocs\MonkeyGuard\Application\Home\Controller\IndexController.class.php 第 19 行.
NOTIC: [8] Undefined variable: where D:\xampp\htdocs\MonkeyGuard\Application\Home\Controller\IndexController.class.php 第 23 行.
SQL: SELECT MAX(id) AS tp_max FROM `home` LIMIT 1   [ RunTime:0.1266s ]
SQL: SELECT `num` FROM `home` WHERE `time` LIKE '2016-09-16%' AND `sensor` = 'fire' AND `id` = 126  [ RunTime:0.1066s ]
NOTIC: [8] Undefined offset: 0 D:\xampp\htdocs\MonkeyGuard\Application\Home\Controller\IndexController.class.php 第 25 行.
SQL: SELECT MAX(id) AS tp_max FROM `home` WHERE `time` LIKE '2016-09-16%' AND `sensor` = 'fog' LIMIT 1   [ RunTime:0.5153s ]
SQL: SELECT `num` FROM `home` WHERE `time` LIKE '2016-09-16%' AND `sensor` = 'fog' AND `id` = null  [ RunTime:0.7281s ]
NOTIC: [8] Undefined offset: 0 D:\xampp\htdocs\MonkeyGuard\Application\Home\Controller\IndexController.class.php 第 31 行.
INFO: [ view_parse ] --START--
INFO: [ template_filter ] --START--
INFO: Run Behavior\ContentReplaceBehavior [ RunTime:0.000230s ]
INFO: [ template_filter ] --END-- [ RunTime:0.000356s ]
INFO: Run Behavior\ParseTemplateBehavior [ RunTime:0.022349s ]
INFO: [ view_parse ] --END-- [ RunTime:0.022507s ]
INFO: [ view_filter ] --START--
INFO: Run Behavior\WriteHtmlCacheBehavior [ RunTime:0.000515s ]
INFO: [ view_filter ] --END-- [ RunTime:0.000590s ]
INFO: [ app_end ] --START--
INFO: Run Behavior\ShowPageTraceBehavior [ RunTime:0.000951s ]
INFO: [ app_end ] --END-- [ RunTime:0.001050s ]

[ 2016-09-16T16:05:23+08:00 ] ::1 /monkeyguard/
INFO: [ app_init ] --START--
INFO: Run Behavior\BuildLiteBehavior [ RunTime:0.000011s ]
INFO: [ app_init ] --END-- [ RunTime:0.000251s ]
INFO: [ app_begin ] --START--
INFO: Run Behavior\ReadHtmlCacheBehavior [ RunTime:0.000316s ]
INFO: [ app_begin ] --END-- [ RunTime:0.000354s ]
SQL: SHOW COLUMNS FROM `home` [ RunTime:0.0340s ]
SQL: SELECT MAX(id) AS tp_max FROM `home` WHERE `time` LIKE '2016-09-16%' AND `sensor` = 'temp' LIMIT 1   [ RunTime:0.0280s ]
SQL: SELECT `num` FROM `home` WHERE `time` LIKE '2016-09-16%' AND `sensor` = 'temp' AND `id` = null  [ RunTime:0.0281s ]
NOTIC: [8] Undefined offset: 0 D:\xampp\htdocs\MonkeyGuard\Application\Home\Controller\IndexController.class.php 第 13 行.
SQL: SELECT MAX(id) AS tp_max FROM `home` WHERE `time` LIKE '2016-09-16%' AND `sensor` = 'humid' LIMIT 1   [ RunTime:0.0297s ]
SQL: SELECT `num` FROM `home` WHERE `time` LIKE '2016-09-16%' AND `sensor` = 'humid' AND `id` = null  [ RunTime:0.0263s ]
NOTIC: [8] Undefined offset: 0 D:\xampp\htdocs\MonkeyGuard\Application\Home\Controller\IndexController.class.php 第 19 行.
NOTIC: [8] Undefined variable: where D:\xampp\htdocs\MonkeyGuard\Application\Home\Controller\IndexController.class.php 第 23 行.
SQL: SELECT MAX(id) AS tp_max FROM `home` LIMIT 1   [ RunTime:0.0259s ]
SQL: SELECT `num` FROM `home` WHERE `time` LIKE '2016-09-16%' AND `sensor` = 'fire' AND `id` = 126  [ RunTime:0.0373s ]
NOTIC: [8] Undefined offset: 0 D:\xampp\htdocs\MonkeyGuard\Application\Home\Controller\IndexController.class.php 第 25 行.
SQL: SELECT MAX(id) AS tp_max FROM `home` WHERE `time` LIKE '2016-09-16%' AND `sensor` = 'fog' LIMIT 1   [ RunTime:0.0271s ]
SQL: SELECT `num` FROM `home` WHERE `time` LIKE '2016-09-16%' AND `sensor` = 'fog' AND `id` = null  [ RunTime:0.0362s ]
NOTIC: [8] Undefined offset: 0 D:\xampp\htdocs\MonkeyGuard\Application\Home\Controller\IndexController.class.php 第 31 行.
INFO: [ view_parse ] --START--
INFO: [ template_filter ] --START--
INFO: Run Behavior\ContentReplaceBehavior [ RunTime:0.000278s ]
INFO: [ template_filter ] --END-- [ RunTime:0.000413s ]
INFO: Run Behavior\ParseTemplateBehavior [ RunTime:0.025278s ]
INFO: [ view_parse ] --END-- [ RunTime:0.025525s ]
INFO: [ view_filter ] --START--
INFO: Run Behavior\WriteHtmlCacheBehavior [ RunTime:0.000599s ]
INFO: [ view_filter ] --END-- [ RunTime:0.000699s ]
INFO: [ app_end ] --START--
INFO: Run Behavior\ShowPageTraceBehavior [ RunTime:0.001842s ]
INFO: [ app_end ] --END-- [ RunTime:0.002060s ]

