[ 2016-08-25T09:34:53+08:00 ] ::1 /monkeyguard/
INFO: [ app_init ] --START--
INFO: Run Behavior\BuildLiteBehavior [ RunTime:0.000036s ]
INFO: [ app_init ] --END-- [ RunTime:0.002982s ]

[ 2016-08-25T09:35:40+08:00 ] ::1 /monkeyguard/index.php/Home/Index/fog.html
INFO: [ app_init ] --START--
INFO: Run Behavior\BuildLiteBehavior [ RunTime:0.000034s ]
INFO: [ app_init ] --END-- [ RunTime:0.000852s ]

[ 2016-08-25T09:35:51+08:00 ] ::1 /monkeyguard/index.php/Home/Index/fog.html
INFO: [ app_init ] --START--
INFO: Run Behavior\BuildLiteBehavior [ RunTime:0.000035s ]
INFO: [ app_init ] --END-- [ RunTime:0.000967s ]

[ 2016-08-25T09:35:54+08:00 ] ::1 /monkeyguard/index.php/Home/Index/temp.html
INFO: [ app_init ] --START--
INFO: Run Behavior\BuildLiteBehavior [ RunTime:0.000034s ]
INFO: [ app_init ] --END-- [ RunTime:0.000877s ]

[ 2016-08-25T09:37:24+08:00 ] ::1 /monkeyguard/index.php/Home/Index/download.html
INFO: [ app_init ] --START--
INFO: Run Behavior\BuildLiteBehavior [ RunTime:0.000054s ]
INFO: [ app_init ] --END-- [ RunTime:0.001683s ]

[ 2016-08-25T09:39:11+08:00 ] ::1 /monkeyguard/
INFO: [ app_init ] --START--
INFO: Run Behavior\BuildLiteBehavior [ RunTime:0.000037s ]
INFO: [ app_init ] --END-- [ RunTime:0.001148s ]

[ 2016-08-25T09:39:15+08:00 ] ::1 /monkeyguard/index.php/Home/Index/temp.html
INFO: [ app_init ] --START--
INFO: Run Behavior\BuildLiteBehavior [ RunTime:0.000035s ]
INFO: [ app_init ] --END-- [ RunTime:0.000872s ]

[ 2016-08-25T09:40:07+08:00 ] ::1 /monkeyguard/index.php/Home/Index/fog.html
INFO: [ app_init ] --START--
INFO: Run Behavior\BuildLiteBehavior [ RunTime:0.000053s ]
INFO: [ app_init ] --END-- [ RunTime:0.001358s ]

[ 2016-08-25T09:40:14+08:00 ] ::1 /monkeyguard/index.php/Home/Index/gas.html
INFO: [ app_init ] --START--
INFO: Run Behavior\BuildLiteBehavior [ RunTime:0.000034s ]
INFO: [ app_init ] --END-- [ RunTime:0.000976s ]

[ 2016-08-25T09:40:17+08:00 ] ::1 /monkeyguard/index.php/Home/Index/fog.html
INFO: [ app_init ] --START--
INFO: Run Behavior\BuildLiteBehavior [ RunTime:0.000037s ]
INFO: [ app_init ] --END-- [ RunTime:0.001097s ]

[ 2016-08-25T09:40:24+08:00 ] ::1 /monkeyguard/index.php/Home/Index/temp.html
INFO: [ app_init ] --START--
INFO: Run Behavior\BuildLiteBehavior [ RunTime:0.000037s ]
INFO: [ app_init ] --END-- [ RunTime:0.000864s ]

[ 2016-08-25T09:40:29+08:00 ] ::1 /monkeyguard/index.php/Home/Index/contact.html
INFO: [ app_init ] --START--
INFO: Run Behavior\BuildLiteBehavior [ RunTime:0.000051s ]
INFO: [ app_init ] --END-- [ RunTime:0.001342s ]

[ 2016-08-25T09:40:55+08:00 ] ::1 /monkeyguard/index.php/Home/Index/fog.html
INFO: [ app_init ] --START--
INFO: Run Behavior\BuildLiteBehavior [ RunTime:0.000051s ]
INFO: [ app_init ] --END-- [ RunTime:0.001414s ]

[ 2016-08-25T09:41:00+08:00 ] ::1 /monkeyguard/index.php/Home/Index/temp.html
INFO: [ app_init ] --START--
INFO: Run Behavior\BuildLiteBehavior [ RunTime:0.000035s ]
INFO: [ app_init ] --END-- [ RunTime:0.001023s ]

[ 2016-08-25T09:41:30+08:00 ] ::1 /monkeyguard/index.php/Home/Index/fog.html
INFO: [ app_init ] --START--
INFO: Run Behavior\BuildLiteBehavior [ RunTime:0.000036s ]
INFO: [ app_init ] --END-- [ RunTime:0.001027s ]

[ 2016-08-25T10:10:28+08:00 ] ::1 /monkeyguard/index.php/Home/Index/fog.html
INFO: [ app_init ] --START--
INFO: Run Behavior\BuildLiteBehavior [ RunTime:0.000049s ]
INFO: [ app_init ] --END-- [ RunTime:0.001926s ]

[ 2016-08-25T10:10:56+08:00 ] ::1 /monkeyguard/index.php/Home/Index/fog.html
INFO: [ app_init ] --START--
INFO: Run Behavior\BuildLiteBehavior [ RunTime:0.000040s ]
INFO: [ app_init ] --END-- [ RunTime:0.001301s ]

[ 2016-08-25T10:11:52+08:00 ] ::1 /monkeyguard/index.php/Home/Index/temp.html
INFO: [ app_init ] --START--
INFO: Run Behavior\BuildLiteBehavior [ RunTime:0.000034s ]
INFO: [ app_init ] --END-- [ RunTime:0.001006s ]

[ 2016-08-25T10:11:54+08:00 ] ::1 /monkeyguard/index.php/Home/Index/fog.html
INFO: [ app_init ] --START--
INFO: Run Behavior\BuildLiteBehavior [ RunTime:0.000054s ]
INFO: [ app_init ] --END-- [ RunTime:0.001887s ]

[ 2016-08-25T10:16:53+08:00 ] ::1 /monkeyguard/index.php/Home/Index/fog.html
INFO: [ app_init ] --START--
INFO: Run Behavior\BuildLiteBehavior [ RunTime:0.000034s ]
INFO: [ app_init ] --END-- [ RunTime:0.000991s ]

[ 2016-08-25T10:20:06+08:00 ] ::1 /monkeyguard/index.php/Home/Index/fog.html
INFO: [ app_init ] --START--
INFO: Run Behavior\BuildLiteBehavior [ RunTime:0.000034s ]
INFO: [ app_init ] --END-- [ RunTime:0.001104s ]

[ 2016-08-25T10:21:18+08:00 ] ::1 /monkeyguard/index.php/Home/Index/fog.html
INFO: [ app_init ] --START--
INFO: Run Behavior\BuildLiteBehavior [ RunTime:0.000033s ]
INFO: [ app_init ] --END-- [ RunTime:0.000897s ]

[ 2016-08-25T10:22:32+08:00 ] ::1 /monkeyguard/index.php/Home/Index/fog.html
INFO: [ app_init ] --START--
INFO: Run Behavior\BuildLiteBehavior [ RunTime:0.000035s ]
INFO: [ app_init ] --END-- [ RunTime:0.001058s ]
ERR: 1054:Unknown column 'name' in 'field list'
 [ SQL语句 ] : SELECT sum(CASE WHEN name='小王' THEN sale ELSE 0 END) AS name1 FROM `home` WHERE `time` = '2016-08-18 00:00:00' AND `sensor` = 'fire' GROUP BY time ORDER BY time ASC 

[ 2016-08-25T10:23:07+08:00 ] ::1 /monkeyguard/index.php/Home/Index/temp.html
INFO: [ app_init ] --START--
INFO: Run Behavior\BuildLiteBehavior [ RunTime:0.000035s ]
INFO: [ app_init ] --END-- [ RunTime:0.001114s ]

[ 2016-08-25T10:23:14+08:00 ] ::1 /monkeyguard/index.php/Home/Index/fog.html
INFO: [ app_init ] --START--
INFO: Run Behavior\BuildLiteBehavior [ RunTime:0.000050s ]
INFO: [ app_init ] --END-- [ RunTime:0.001072s ]
ERR: 1054:Unknown column 'name' in 'field list'
 [ SQL语句 ] : SELECT sum(CASE WHEN name='小王' THEN sale ELSE 0 END) AS name1 FROM `home` WHERE `time` = '2016-08-18 00:00:00' AND `sensor` = 'fire' GROUP BY time ORDER BY time ASC 

[ 2016-08-25T10:23:32+08:00 ] ::1 /monkeyguard/index.php/Home/Index/temp.html
INFO: [ app_init ] --START--
INFO: Run Behavior\BuildLiteBehavior [ RunTime:0.000034s ]
INFO: [ app_init ] --END-- [ RunTime:0.000881s ]

[ 2016-08-25T10:23:33+08:00 ] ::1 /monkeyguard/index.php/Home/Index/fog.html
INFO: [ app_init ] --START--
INFO: Run Behavior\BuildLiteBehavior [ RunTime:0.000062s ]
INFO: [ app_init ] --END-- [ RunTime:0.002237s ]
ERR: 1054:Unknown column 'name' in 'field list'
 [ SQL语句 ] : SELECT sum(CASE WHEN name='小王' THEN sale ELSE 0 END) AS name1 FROM `home` WHERE `time` = '2016-08-18 00:00:00' AND `sensor` = 'fire' GROUP BY time ORDER BY time ASC 

[ 2016-08-25T10:25:53+08:00 ] ::1 /monkeyguard/index.php/Home/Index/fog.html
INFO: [ app_init ] --START--
INFO: Run Behavior\BuildLiteBehavior [ RunTime:0.000034s ]
INFO: [ app_init ] --END-- [ RunTime:0.000994s ]

[ 2016-08-25T10:27:33+08:00 ] ::1 /monkeyguard/index.php/Home/Index/fog.html
INFO: [ app_init ] --START--
INFO: Run Behavior\BuildLiteBehavior [ RunTime:0.000034s ]
INFO: [ app_init ] --END-- [ RunTime:0.000909s ]

[ 2016-08-25T10:27:59+08:00 ] ::1 /monkeyguard/index.php/Home/Index/fog.html
INFO: [ app_init ] --START--
INFO: Run Behavior\BuildLiteBehavior [ RunTime:0.000033s ]
INFO: [ app_init ] --END-- [ RunTime:0.001040s ]

[ 2016-08-25T10:30:35+08:00 ] ::1 /monkeyguard/index.php/Home/Index/fog.html
INFO: [ app_init ] --START--
INFO: Run Behavior\BuildLiteBehavior [ RunTime:0.000050s ]
INFO: [ app_init ] --END-- [ RunTime:0.001236s ]

[ 2016-08-25T10:31:19+08:00 ] ::1 /monkeyguard/index.php/Home/Index/fog.html
INFO: [ app_init ] --START--
INFO: Run Behavior\BuildLiteBehavior [ RunTime:0.000034s ]
INFO: [ app_init ] --END-- [ RunTime:0.000932s ]

[ 2016-08-25T10:32:02+08:00 ] ::1 /monkeyguard/index.php/Home/Index/fog.html
INFO: [ app_init ] --START--
INFO: Run Behavior\BuildLiteBehavior [ RunTime:0.000052s ]
INFO: [ app_init ] --END-- [ RunTime:0.002103s ]

[ 2016-08-25T10:32:32+08:00 ] ::1 /monkeyguard/index.php/Home/Index/fog.html
INFO: [ app_init ] --START--
INFO: Run Behavior\BuildLiteBehavior [ RunTime:0.000047s ]
INFO: [ app_init ] --END-- [ RunTime:0.001009s ]

[ 2016-08-25T10:35:46+08:00 ] ::1 /monkeyguard/index.php/Home/Index/fog.html
INFO: [ app_init ] --START--
INFO: Run Behavior\BuildLiteBehavior [ RunTime:0.000039s ]
INFO: [ app_init ] --END-- [ RunTime:0.000993s ]

[ 2016-08-25T10:35:59+08:00 ] ::1 /monkeyguard/index.php/Home/Index/fog.html
INFO: [ app_init ] --START--
INFO: Run Behavior\BuildLiteBehavior [ RunTime:0.000036s ]
INFO: [ app_init ] --END-- [ RunTime:0.001390s ]

[ 2016-08-25T10:36:39+08:00 ] ::1 /monkeyguard/index.php/Home/Index/temp.html
INFO: [ app_init ] --START--
INFO: Run Behavior\BuildLiteBehavior [ RunTime:0.000035s ]
INFO: [ app_init ] --END-- [ RunTime:0.000990s ]

[ 2016-08-25T10:37:09+08:00 ] ::1 /monkeyguard/index.php/Home/Index/temp.html
INFO: [ app_init ] --START--
INFO: Run Behavior\BuildLiteBehavior [ RunTime:0.000035s ]
INFO: [ app_init ] --END-- [ RunTime:0.000897s ]

[ 2016-08-25T10:37:11+08:00 ] ::1 /monkeyguard/index.php/Home/Index/fog.html
INFO: [ app_init ] --START--
INFO: Run Behavior\BuildLiteBehavior [ RunTime:0.000084s ]
INFO: [ app_init ] --END-- [ RunTime:0.001604s ]

[ 2016-08-25T10:37:37+08:00 ] ::1 /monkeyguard/index.php/Home/Index/temp.html
INFO: [ app_init ] --START--
INFO: Run Behavior\BuildLiteBehavior [ RunTime:0.000034s ]
INFO: [ app_init ] --END-- [ RunTime:0.000888s ]

[ 2016-08-25T10:37:51+08:00 ] ::1 /monkeyguard/index.php/Home/Index/temp.html
INFO: [ app_init ] --START--
INFO: Run Behavior\BuildLiteBehavior [ RunTime:0.000035s ]
INFO: [ app_init ] --END-- [ RunTime:0.001064s ]

[ 2016-08-25T10:38:55+08:00 ] ::1 /monkeyguard/index.php/Home/Index/fog.html
INFO: [ app_init ] --START--
INFO: Run Behavior\BuildLiteBehavior [ RunTime:0.000036s ]
INFO: [ app_init ] --END-- [ RunTime:0.001064s ]

[ 2016-08-25T10:45:06+08:00 ] ::1 /monkeyguard/index.php/Home/Index/temp.html
INFO: [ app_init ] --START--
INFO: Run Behavior\BuildLiteBehavior [ RunTime:0.000034s ]
INFO: [ app_init ] --END-- [ RunTime:0.001027s ]

[ 2016-08-25T10:46:26+08:00 ] ::1 /monkeyguard/index.php/Home/Index/fog.html
INFO: [ app_init ] --START--
INFO: Run Behavior\BuildLiteBehavior [ RunTime:0.000035s ]
INFO: [ app_init ] --END-- [ RunTime:0.001015s ]

[ 2016-08-25T10:47:50+08:00 ] ::1 /monkeyguard/index.php/Home/Index/fog.html
INFO: [ app_init ] --START--
INFO: Run Behavior\BuildLiteBehavior [ RunTime:0.000036s ]
INFO: [ app_init ] --END-- [ RunTime:0.000933s ]

[ 2016-08-25T10:48:25+08:00 ] ::1 /monkeyguard/index.php/Home/Index/fog.html
INFO: [ app_init ] --START--
INFO: Run Behavior\BuildLiteBehavior [ RunTime:0.000034s ]
INFO: [ app_init ] --END-- [ RunTime:0.001022s ]

[ 2016-08-25T10:48:58+08:00 ] ::1 /monkeyguard/index.php/Home/Index/fog.html
INFO: [ app_init ] --START--
INFO: Run Behavior\BuildLiteBehavior [ RunTime:0.000033s ]
INFO: [ app_init ] --END-- [ RunTime:0.000878s ]

[ 2016-08-25T10:49:40+08:00 ] ::1 /monkeyguard/index.php/Home/Index/fog.html
INFO: [ app_init ] --START--
INFO: Run Behavior\BuildLiteBehavior [ RunTime:0.000054s ]
INFO: [ app_init ] --END-- [ RunTime:0.001144s ]

[ 2016-08-25T10:50:53+08:00 ] ::1 /monkeyguard/index.php/Home/Index/fog.html
INFO: [ app_init ] --START--
INFO: Run Behavior\BuildLiteBehavior [ RunTime:0.000035s ]
INFO: [ app_init ] --END-- [ RunTime:0.001035s ]

[ 2016-08-25T10:51:31+08:00 ] ::1 /monkeyguard/index.php/Home/Index/fog.html
INFO: [ app_init ] --START--
INFO: Run Behavior\BuildLiteBehavior [ RunTime:0.000034s ]
INFO: [ app_init ] --END-- [ RunTime:0.000961s ]

[ 2016-08-25T10:51:57+08:00 ] ::1 /monkeyguard/index.php/Home/Index/fog.html
INFO: [ app_init ] --START--
INFO: Run Behavior\BuildLiteBehavior [ RunTime:0.000034s ]
INFO: [ app_init ] --END-- [ RunTime:0.000990s ]

[ 2016-08-25T10:52:26+08:00 ] ::1 /monkeyguard/index.php/Home/Index/fog.html
INFO: [ app_init ] --START--
INFO: Run Behavior\BuildLiteBehavior [ RunTime:0.000048s ]
INFO: [ app_init ] --END-- [ RunTime:0.001236s ]

[ 2016-08-25T10:53:56+08:00 ] ::1 /monkeyguard/index.php/Home/Index/temp.html?id=1
INFO: [ app_init ] --START--
INFO: Run Behavior\BuildLiteBehavior [ RunTime:0.000034s ]
INFO: [ app_init ] --END-- [ RunTime:0.000991s ]

[ 2016-08-25T10:54:17+08:00 ] ::1 /monkeyguard/index.php/Home/Index/temp.html?id=1
INFO: [ app_init ] --START--
INFO: Run Behavior\BuildLiteBehavior [ RunTime:0.000039s ]
INFO: [ app_init ] --END-- [ RunTime:0.001109s ]

[ 2016-08-25T10:54:26+08:00 ] ::1 /monkeyguard/index.php/Home/Index/temp.html?id=1
INFO: [ app_init ] --START--
INFO: Run Behavior\BuildLiteBehavior [ RunTime:0.000035s ]
INFO: [ app_init ] --END-- [ RunTime:0.000992s ]

[ 2016-08-25T10:54:41+08:00 ] ::1 /monkeyguard/index.php/Home/Index/temp.html?id=1
INFO: [ app_init ] --START--
INFO: Run Behavior\BuildLiteBehavior [ RunTime:0.000054s ]
INFO: [ app_init ] --END-- [ RunTime:0.001392s ]

[ 2016-08-25T10:54:53+08:00 ] ::1 /monkeyguard/index.php/Home/Index/temp.html?id=1
INFO: [ app_init ] --START--
INFO: Run Behavior\BuildLiteBehavior [ RunTime:0.000052s ]
INFO: [ app_init ] --END-- [ RunTime:0.002066s ]

[ 2016-08-25T10:56:18+08:00 ] ::1 /monkeyguard/index.php/Home/Index/fog.html
INFO: [ app_init ] --START--
INFO: Run Behavior\BuildLiteBehavior [ RunTime:0.000049s ]
INFO: [ app_init ] --END-- [ RunTime:0.001353s ]

[ 2016-08-25T10:56:53+08:00 ] ::1 /monkeyguard/index.php/Home/Index/fog.html
INFO: [ app_init ] --START--
INFO: Run Behavior\BuildLiteBehavior [ RunTime:0.000052s ]
INFO: [ app_init ] --END-- [ RunTime:0.001316s ]

[ 2016-08-25T10:57:03+08:00 ] ::1 /monkeyguard/index.php/Home/Index/temp.html
INFO: [ app_init ] --START--
INFO: Run Behavior\BuildLiteBehavior [ RunTime:0.000048s ]
INFO: [ app_init ] --END-- [ RunTime:0.001381s ]

[ 2016-08-25T10:57:08+08:00 ] ::1 /monkeyguard/index.php/Home/Index/fog.html
INFO: [ app_init ] --START--
INFO: Run Behavior\BuildLiteBehavior [ RunTime:0.000034s ]
INFO: [ app_init ] --END-- [ RunTime:0.000990s ]

[ 2016-08-25T10:58:07+08:00 ] ::1 /monkeyguard/index.php/Home/Index/fog.html
INFO: [ app_init ] --START--
INFO: Run Behavior\BuildLiteBehavior [ RunTime:0.000034s ]
INFO: [ app_init ] --END-- [ RunTime:0.000927s ]

[ 2016-08-25T10:58:26+08:00 ] ::1 /monkeyguard/index.php/Home/Index/fog.html
INFO: [ app_init ] --START--
INFO: Run Behavior\BuildLiteBehavior [ RunTime:0.000032s ]
INFO: [ app_init ] --END-- [ RunTime:0.000863s ]

[ 2016-08-25T10:59:51+08:00 ] ::1 /monkeyguard/index.php/Home/Index/fog.html
INFO: [ app_init ] --START--
INFO: Run Behavior\BuildLiteBehavior [ RunTime:0.000036s ]
INFO: [ app_init ] --END-- [ RunTime:0.001278s ]

[ 2016-08-25T11:00:09+08:00 ] ::1 /monkeyguard/index.php/Home/Index/temp.html
INFO: [ app_init ] --START--
INFO: Run Behavior\BuildLiteBehavior [ RunTime:0.000054s ]
INFO: [ app_init ] --END-- [ RunTime:0.001540s ]

